[0.022s] Invoking command in '/home/liam/me696_tb3_ws/build/turtlebot3_simulations': CMAKE_PREFIX_PATH=/home/liam/me696_tb3_ws/install/turtlebot3_fake_node:/home/liam/me696_tb3_ws/install/turtlebot3_msgs:/home/liam/me696_tb3_ws/install/turtlebot3_gazebo:/home/liam/me696_tb3_ws/install/turtlebot3_simulations:/home/liam/install/turtlesim_part3:/home/liam/me696_tb3_ws/install/turtlebot3_drl:/home/liam/me696_tb3_ws/install/sample_maps:/home/liam/me696_tb3_ws/install/holmes_nav:/opt/ros/foxy PYTHONPATH=/home/liam/me696_tb3_ws/install/turtlebot3_msgs/lib/python3.8/site-packages:/home/liam/me696_tb3_ws/install/turtlebot3_drl/lib/python3.8/site-packages:/home/liam/me696_tb3_ws/install/sample_maps/lib/python3.8/site-packages:/home/liam/me696_tb3_ws/install/holmes_nav/lib/python3.8/site-packages:/opt/ros/foxy/lib/python3.8/site-packages /usr/bin/cmake --build /home/liam/me696_tb3_ws/build/turtlebot3_simulations -- -j2 -l2
[0.049s] Invoked command in '/home/liam/me696_tb3_ws/build/turtlebot3_simulations' returned '0': CMAKE_PREFIX_PATH=/home/liam/me696_tb3_ws/install/turtlebot3_fake_node:/home/liam/me696_tb3_ws/install/turtlebot3_msgs:/home/liam/me696_tb3_ws/install/turtlebot3_gazebo:/home/liam/me696_tb3_ws/install/turtlebot3_simulations:/home/liam/install/turtlesim_part3:/home/liam/me696_tb3_ws/install/turtlebot3_drl:/home/liam/me696_tb3_ws/install/sample_maps:/home/liam/me696_tb3_ws/install/holmes_nav:/opt/ros/foxy PYTHONPATH=/home/liam/me696_tb3_ws/install/turtlebot3_msgs/lib/python3.8/site-packages:/home/liam/me696_tb3_ws/install/turtlebot3_drl/lib/python3.8/site-packages:/home/liam/me696_tb3_ws/install/sample_maps/lib/python3.8/site-packages:/home/liam/me696_tb3_ws/install/holmes_nav/lib/python3.8/site-packages:/opt/ros/foxy/lib/python3.8/site-packages /usr/bin/cmake --build /home/liam/me696_tb3_ws/build/turtlebot3_simulations -- -j2 -l2
[0.063s] Invoking command in '/home/liam/me696_tb3_ws/build/turtlebot3_simulations': CMAKE_PREFIX_PATH=/home/liam/me696_tb3_ws/install/turtlebot3_fake_node:/home/liam/me696_tb3_ws/install/turtlebot3_msgs:/home/liam/me696_tb3_ws/install/turtlebot3_gazebo:/home/liam/me696_tb3_ws/install/turtlebot3_simulations:/home/liam/install/turtlesim_part3:/home/liam/me696_tb3_ws/install/turtlebot3_drl:/home/liam/me696_tb3_ws/install/sample_maps:/home/liam/me696_tb3_ws/install/holmes_nav:/opt/ros/foxy PYTHONPATH=/home/liam/me696_tb3_ws/install/turtlebot3_msgs/lib/python3.8/site-packages:/home/liam/me696_tb3_ws/install/turtlebot3_drl/lib/python3.8/site-packages:/home/liam/me696_tb3_ws/install/sample_maps/lib/python3.8/site-packages:/home/liam/me696_tb3_ws/install/holmes_nav/lib/python3.8/site-packages:/opt/ros/foxy/lib/python3.8/site-packages /usr/bin/cmake --install /home/liam/me696_tb3_ws/build/turtlebot3_simulations
[0.069s] -- Install configuration: ""
[0.069s] -- Up-to-date: /home/liam/me696_tb3_ws/install/turtlebot3_simulations/share/ament_index/resource_index/package_run_dependencies/turtlebot3_simulations
[0.069s] -- Up-to-date: /home/liam/me696_tb3_ws/install/turtlebot3_simulations/share/ament_index/resource_index/parent_prefix_path/turtlebot3_simulations
[0.069s] -- Up-to-date: /home/liam/me696_tb3_ws/install/turtlebot3_simulations/share/turtlebot3_simulations/environment/ament_prefix_path.sh
[0.069s] -- Up-to-date: /home/liam/me696_tb3_ws/install/turtlebot3_simulations/share/turtlebot3_simulations/environment/ament_prefix_path.dsv
[0.069s] -- Up-to-date: /home/liam/me696_tb3_ws/install/turtlebot3_simulations/share/turtlebot3_simulations/environment/path.sh
[0.069s] -- Up-to-date: /home/liam/me696_tb3_ws/install/turtlebot3_simulations/share/turtlebot3_simulations/environment/path.dsv
[0.069s] -- Up-to-date: /home/liam/me696_tb3_ws/install/turtlebot3_simulations/share/turtlebot3_simulations/local_setup.bash
[0.070s] -- Up-to-date: /home/liam/me696_tb3_ws/install/turtlebot3_simulations/share/turtlebot3_simulations/local_setup.sh
[0.070s] -- Up-to-date: /home/liam/me696_tb3_ws/install/turtlebot3_simulations/share/turtlebot3_simulations/local_setup.zsh
[0.070s] -- Up-to-date: /home/liam/me696_tb3_ws/install/turtlebot3_simulations/share/turtlebot3_simulations/local_setup.dsv
[0.070s] -- Installing: /home/liam/me696_tb3_ws/install/turtlebot3_simulations/share/turtlebot3_simulations/package.dsv
[0.070s] -- Up-to-date: /home/liam/me696_tb3_ws/install/turtlebot3_simulations/share/ament_index/resource_index/packages/turtlebot3_simulations
[0.070s] -- Up-to-date: /home/liam/me696_tb3_ws/install/turtlebot3_simulations/share/turtlebot3_simulations/cmake/turtlebot3_simulationsConfig.cmake
[0.070s] -- Up-to-date: /home/liam/me696_tb3_ws/install/turtlebot3_simulations/share/turtlebot3_simulations/cmake/turtlebot3_simulationsConfig-version.cmake
[0.070s] -- Up-to-date: /home/liam/me696_tb3_ws/install/turtlebot3_simulations/share/turtlebot3_simulations/package.xml
[0.072s] Invoked command in '/home/liam/me696_tb3_ws/build/turtlebot3_simulations' returned '0': CMAKE_PREFIX_PATH=/home/liam/me696_tb3_ws/install/turtlebot3_fake_node:/home/liam/me696_tb3_ws/install/turtlebot3_msgs:/home/liam/me696_tb3_ws/install/turtlebot3_gazebo:/home/liam/me696_tb3_ws/install/turtlebot3_simulations:/home/liam/install/turtlesim_part3:/home/liam/me696_tb3_ws/install/turtlebot3_drl:/home/liam/me696_tb3_ws/install/sample_maps:/home/liam/me696_tb3_ws/install/holmes_nav:/opt/ros/foxy PYTHONPATH=/home/liam/me696_tb3_ws/install/turtlebot3_msgs/lib/python3.8/site-packages:/home/liam/me696_tb3_ws/install/turtlebot3_drl/lib/python3.8/site-packages:/home/liam/me696_tb3_ws/install/sample_maps/lib/python3.8/site-packages:/home/liam/me696_tb3_ws/install/holmes_nav/lib/python3.8/site-packages:/opt/ros/foxy/lib/python3.8/site-packages /usr/bin/cmake --install /home/liam/me696_tb3_ws/build/turtlebot3_simulations
