/home/liam/me696_tb3_ws/install/holmes_nav/lib/python3.8/site-packages/holmes_nav/hh2_node.py
/home/liam/me696_tb3_ws/install/holmes_nav/lib/python3.8/site-packages/holmes_nav/__init__.py
/home/liam/me696_tb3_ws/install/holmes_nav/lib/python3.8/site-packages/holmes_nav/__pycache__/hh2_node.cpython-38.pyc
/home/liam/me696_tb3_ws/install/holmes_nav/lib/python3.8/site-packages/holmes_nav/__pycache__/__init__.cpython-38.pyc
/home/liam/me696_tb3_ws/install/holmes_nav/share/ament_index/resource_index/packages/holmes_nav
/home/liam/me696_tb3_ws/install/holmes_nav/share/holmes_nav/package.xml
/home/liam/me696_tb3_ws/install/holmes_nav/share/holmes_nav/launch/holmes_hall.launch.py
/home/liam/me696_tb3_ws/install/holmes_nav/share/holmes_nav/launch/update_slam.xml
/home/liam/me696_tb3_ws/install/holmes_nav/share/holmes_nav/models/hh2/model.config
/home/liam/me696_tb3_ws/install/holmes_nav/share/holmes_nav/models/hh2/model.sdf
/home/liam/me696_tb3_ws/install/holmes_nav/share/holmes_nav/models/hh2/meshes/hh2.stl
/home/liam/me696_tb3_ws/install/holmes_nav/share/holmes_nav/models/hh2/meshes/hh2_v2.stl
/home/liam/me696_tb3_ws/install/holmes_nav/share/holmes_nav/models/hh2/meshes/hh2_scaledown.stl
/home/liam/me696_tb3_ws/install/holmes_nav/share/holmes_nav/worlds/hh2/waffle.model
/home/liam/me696_tb3_ws/install/holmes_nav/lib/python3.8/site-packages/holmes_nav-0.0.0-py3.8.egg-info/SOURCES.txt
/home/liam/me696_tb3_ws/install/holmes_nav/lib/python3.8/site-packages/holmes_nav-0.0.0-py3.8.egg-info/entry_points.txt
/home/liam/me696_tb3_ws/install/holmes_nav/lib/python3.8/site-packages/holmes_nav-0.0.0-py3.8.egg-info/requires.txt
/home/liam/me696_tb3_ws/install/holmes_nav/lib/python3.8/site-packages/holmes_nav-0.0.0-py3.8.egg-info/dependency_links.txt
/home/liam/me696_tb3_ws/install/holmes_nav/lib/python3.8/site-packages/holmes_nav-0.0.0-py3.8.egg-info/zip-safe
/home/liam/me696_tb3_ws/install/holmes_nav/lib/python3.8/site-packages/holmes_nav-0.0.0-py3.8.egg-info/top_level.txt
/home/liam/me696_tb3_ws/install/holmes_nav/lib/python3.8/site-packages/holmes_nav-0.0.0-py3.8.egg-info/PKG-INFO
/home/liam/me696_tb3_ws/install/holmes_nav/lib/holmes_nav/hh2_node
