[0.018s] Invoking command in '/home/liam/me696_tb3_ws/build/turtlebot3_msgs': CMAKE_PREFIX_PATH=${CMAKE_PREFIX_PATH}:/home/liam/me696_tb3_ws/install/turtlebot3_drl:/home/liam/me696_tb3_ws/install/sample_maps:/home/liam/me696_tb3_ws/install/holmes_nav:/opt/ros/foxy /usr/bin/cmake --build /home/liam/me696_tb3_ws/build/turtlebot3_msgs -- -j2 -l2
[0.061s] [  1%] Built target turtlebot3_msgs__cpp
[0.063s] [ 12%] Built target turtlebot3_msgs__rosidl_generator_c
[0.094s] [ 24%] Built target turtlebot3_msgs__rosidl_typesupport_cpp
[0.105s] [ 35%] Built target turtlebot3_msgs__rosidl_typesupport_fastrtps_cpp
[0.123s] [ 47%] Built target turtlebot3_msgs__rosidl_typesupport_introspection_cpp
[0.158s] [ 58%] Built target turtlebot3_msgs__rosidl_typesupport_c
[0.180s] [ 70%] Built target turtlebot3_msgs__rosidl_typesupport_introspection_c
[0.190s] [ 81%] Built target turtlebot3_msgs__rosidl_typesupport_fastrtps_c
[0.221s] [ 81%] Built target turtlebot3_msgs
[0.238s] [ 82%] Built target turtlebot3_msgs__py
[0.260s] [ 93%] Built target turtlebot3_msgs__python
[0.290s] [ 95%] Built target turtlebot3_msgs__rosidl_typesupport_introspection_c__pyext
[0.296s] [ 97%] Built target turtlebot3_msgs__rosidl_typesupport_fastrtps_c__pyext
[0.314s] [100%] Built target turtlebot3_msgs__rosidl_typesupport_c__pyext
[0.408s] Invoked command in '/home/liam/me696_tb3_ws/build/turtlebot3_msgs' returned '0': CMAKE_PREFIX_PATH=${CMAKE_PREFIX_PATH}:/home/liam/me696_tb3_ws/install/turtlebot3_drl:/home/liam/me696_tb3_ws/install/sample_maps:/home/liam/me696_tb3_ws/install/holmes_nav:/opt/ros/foxy /usr/bin/cmake --build /home/liam/me696_tb3_ws/build/turtlebot3_msgs -- -j2 -l2
[0.519s] Invoking command in '/home/liam/me696_tb3_ws/build/turtlebot3_msgs': CMAKE_PREFIX_PATH=${CMAKE_PREFIX_PATH}:/home/liam/me696_tb3_ws/install/turtlebot3_drl:/home/liam/me696_tb3_ws/install/sample_maps:/home/liam/me696_tb3_ws/install/holmes_nav:/opt/ros/foxy /usr/bin/cmake --install /home/liam/me696_tb3_ws/build/turtlebot3_msgs
[0.525s] -- Install configuration: ""
[0.526s] -- Up-to-date: /home/liam/me696_tb3_ws/install/turtlebot3_msgs/share/ament_index/resource_index/rosidl_interfaces/turtlebot3_msgs
[0.526s] -- Up-to-date: /home/liam/me696_tb3_ws/install/turtlebot3_msgs/include/turtlebot3_msgs
[0.526s] -- Up-to-date: /home/liam/me696_tb3_ws/install/turtlebot3_msgs/include/turtlebot3_msgs/srv
[0.526s] -- Up-to-date: /home/liam/me696_tb3_ws/install/turtlebot3_msgs/include/turtlebot3_msgs/srv/drl_step.h
[0.526s] -- Up-to-date: /home/liam/me696_tb3_ws/install/turtlebot3_msgs/include/turtlebot3_msgs/srv/ring_goal.h
[0.526s] -- Up-to-date: /home/liam/me696_tb3_ws/install/turtlebot3_msgs/include/turtlebot3_msgs/srv/goal.h
[0.526s] -- Up-to-date: /home/liam/me696_tb3_ws/install/turtlebot3_msgs/include/turtlebot3_msgs/srv/detail
[0.526s] -- Up-to-date: /home/liam/me696_tb3_ws/install/turtlebot3_msgs/include/turtlebot3_msgs/srv/detail/ring_goal__type_support.h
[0.526s] -- Up-to-date: /home/liam/me696_tb3_ws/install/turtlebot3_msgs/include/turtlebot3_msgs/srv/detail/drl_step__functions.c
[0.526s] -- Up-to-date: /home/liam/me696_tb3_ws/install/turtlebot3_msgs/include/turtlebot3_msgs/srv/detail/ring_goal__functions.h
[0.526s] -- Up-to-date: /home/liam/me696_tb3_ws/install/turtlebot3_msgs/include/turtlebot3_msgs/srv/detail/drl_step__struct.h
[0.526s] -- Up-to-date: /home/liam/me696_tb3_ws/install/turtlebot3_msgs/include/turtlebot3_msgs/srv/detail/sound__struct.h
[0.526s] -- Up-to-date: /home/liam/me696_tb3_ws/install/turtlebot3_msgs/include/turtlebot3_msgs/srv/detail/drl_step__type_support.h
[0.526s] -- Up-to-date: /home/liam/me696_tb3_ws/install/turtlebot3_msgs/include/turtlebot3_msgs/srv/detail/sound__type_support.h
[0.526s] -- Up-to-date: /home/liam/me696_tb3_ws/install/turtlebot3_msgs/include/turtlebot3_msgs/srv/detail/sound__functions.h
[0.526s] -- Up-to-date: /home/liam/me696_tb3_ws/install/turtlebot3_msgs/include/turtlebot3_msgs/srv/detail/goal__type_support.h
[0.526s] -- Up-to-date: /home/liam/me696_tb3_ws/install/turtlebot3_msgs/include/turtlebot3_msgs/srv/detail/drl_step__functions.h
[0.526s] -- Up-to-date: /home/liam/me696_tb3_ws/install/turtlebot3_msgs/include/turtlebot3_msgs/srv/detail/ring_goal__struct.h
[0.526s] -- Up-to-date: /home/liam/me696_tb3_ws/install/turtlebot3_msgs/include/turtlebot3_msgs/srv/detail/goal__functions.h
[0.526s] -- Up-to-date: /home/liam/me696_tb3_ws/install/turtlebot3_msgs/include/turtlebot3_msgs/srv/detail/sound__functions.c
[0.526s] -- Up-to-date: /home/liam/me696_tb3_ws/install/turtlebot3_msgs/include/turtlebot3_msgs/srv/detail/goal__struct.h
[0.526s] -- Up-to-date: /home/liam/me696_tb3_ws/install/turtlebot3_msgs/include/turtlebot3_msgs/srv/detail/goal__functions.c
[0.526s] -- Up-to-date: /home/liam/me696_tb3_ws/install/turtlebot3_msgs/include/turtlebot3_msgs/srv/detail/ring_goal__functions.c
[0.526s] -- Up-to-date: /home/liam/me696_tb3_ws/install/turtlebot3_msgs/include/turtlebot3_msgs/srv/sound.h
[0.526s] -- Up-to-date: /home/liam/me696_tb3_ws/install/turtlebot3_msgs/include/turtlebot3_msgs/msg
[0.526s] -- Up-to-date: /home/liam/me696_tb3_ws/install/turtlebot3_msgs/include/turtlebot3_msgs/msg/sensor_state.h
[0.526s] -- Up-to-date: /home/liam/me696_tb3_ws/install/turtlebot3_msgs/include/turtlebot3_msgs/msg/version_info.h
[0.526s] -- Up-to-date: /home/liam/me696_tb3_ws/install/turtlebot3_msgs/include/turtlebot3_msgs/msg/detail
[0.526s] -- Up-to-date: /home/liam/me696_tb3_ws/install/turtlebot3_msgs/include/turtlebot3_msgs/msg/detail/version_info__struct.h
[0.526s] -- Up-to-date: /home/liam/me696_tb3_ws/install/turtlebot3_msgs/include/turtlebot3_msgs/msg/detail/sensor_state__type_support.h
[0.526s] -- Up-to-date: /home/liam/me696_tb3_ws/install/turtlebot3_msgs/include/turtlebot3_msgs/msg/detail/sound__struct.h
[0.526s] -- Up-to-date: /home/liam/me696_tb3_ws/install/turtlebot3_msgs/include/turtlebot3_msgs/msg/detail/sensor_state__struct.h
[0.527s] -- Up-to-date: /home/liam/me696_tb3_ws/install/turtlebot3_msgs/include/turtlebot3_msgs/msg/detail/sound__type_support.h
[0.527s] -- Up-to-date: /home/liam/me696_tb3_ws/install/turtlebot3_msgs/include/turtlebot3_msgs/msg/detail/sound__functions.h
[0.527s] -- Up-to-date: /home/liam/me696_tb3_ws/install/turtlebot3_msgs/include/turtlebot3_msgs/msg/detail/version_info__type_support.h
[0.527s] -- Up-to-date: /home/liam/me696_tb3_ws/install/turtlebot3_msgs/include/turtlebot3_msgs/msg/detail/version_info__functions.h
[0.527s] -- Up-to-date: /home/liam/me696_tb3_ws/install/turtlebot3_msgs/include/turtlebot3_msgs/msg/detail/version_info__functions.c
[0.527s] -- Up-to-date: /home/liam/me696_tb3_ws/install/turtlebot3_msgs/include/turtlebot3_msgs/msg/detail/sound__functions.c
[0.527s] -- Up-to-date: /home/liam/me696_tb3_ws/install/turtlebot3_msgs/include/turtlebot3_msgs/msg/detail/sensor_state__functions.h
[0.527s] -- Up-to-date: /home/liam/me696_tb3_ws/install/turtlebot3_msgs/include/turtlebot3_msgs/msg/detail/sensor_state__functions.c
[0.527s] -- Up-to-date: /home/liam/me696_tb3_ws/install/turtlebot3_msgs/include/turtlebot3_msgs/msg/rosidl_generator_c__visibility_control.h
[0.527s] -- Up-to-date: /home/liam/me696_tb3_ws/install/turtlebot3_msgs/include/turtlebot3_msgs/msg/sound.h
[0.527s] -- Up-to-date: /home/liam/me696_tb3_ws/install/turtlebot3_msgs/include/turtlebot3_msgs/action
[0.527s] -- Up-to-date: /home/liam/me696_tb3_ws/install/turtlebot3_msgs/include/turtlebot3_msgs/action/detail
[0.527s] -- Up-to-date: /home/liam/me696_tb3_ws/install/turtlebot3_msgs/include/turtlebot3_msgs/action/detail/patrol__functions.h
[0.527s] -- Up-to-date: /home/liam/me696_tb3_ws/install/turtlebot3_msgs/include/turtlebot3_msgs/action/detail/patrol__type_support.h
[0.527s] -- Up-to-date: /home/liam/me696_tb3_ws/install/turtlebot3_msgs/include/turtlebot3_msgs/action/detail/patrol__functions.c
[0.527s] -- Up-to-date: /home/liam/me696_tb3_ws/install/turtlebot3_msgs/include/turtlebot3_msgs/action/detail/patrol__struct.h
[0.527s] -- Up-to-date: /home/liam/me696_tb3_ws/install/turtlebot3_msgs/include/turtlebot3_msgs/action/patrol.h
[0.527s] -- Up-to-date: /home/liam/me696_tb3_ws/install/turtlebot3_msgs/share/turtlebot3_msgs/environment/library_path.sh
[0.527s] -- Up-to-date: /home/liam/me696_tb3_ws/install/turtlebot3_msgs/share/turtlebot3_msgs/environment/library_path.dsv
[0.527s] -- Up-to-date: /home/liam/me696_tb3_ws/install/turtlebot3_msgs/lib/libturtlebot3_msgs__rosidl_generator_c.so
[0.527s] -- Up-to-date: /home/liam/me696_tb3_ws/install/turtlebot3_msgs/include/turtlebot3_msgs
[0.527s] -- Up-to-date: /home/liam/me696_tb3_ws/install/turtlebot3_msgs/include/turtlebot3_msgs/srv
[0.527s] -- Up-to-date: /home/liam/me696_tb3_ws/install/turtlebot3_msgs/include/turtlebot3_msgs/srv/detail
[0.527s] -- Up-to-date: /home/liam/me696_tb3_ws/install/turtlebot3_msgs/include/turtlebot3_msgs/srv/detail/sound__rosidl_typesupport_fastrtps_c.h
[0.527s] -- Up-to-date: /home/liam/me696_tb3_ws/install/turtlebot3_msgs/include/turtlebot3_msgs/srv/detail/ring_goal__rosidl_typesupport_fastrtps_c.h
[0.527s] -- Up-to-date: /home/liam/me696_tb3_ws/install/turtlebot3_msgs/include/turtlebot3_msgs/srv/detail/drl_step__rosidl_typesupport_fastrtps_c.h
[0.527s] -- Up-to-date: /home/liam/me696_tb3_ws/install/turtlebot3_msgs/include/turtlebot3_msgs/srv/detail/goal__rosidl_typesupport_fastrtps_c.h
[0.527s] -- Up-to-date: /home/liam/me696_tb3_ws/install/turtlebot3_msgs/include/turtlebot3_msgs/msg
[0.527s] -- Up-to-date: /home/liam/me696_tb3_ws/install/turtlebot3_msgs/include/turtlebot3_msgs/msg/detail
[0.527s] -- Up-to-date: /home/liam/me696_tb3_ws/install/turtlebot3_msgs/include/turtlebot3_msgs/msg/detail/sound__rosidl_typesupport_fastrtps_c.h
[0.527s] -- Up-to-date: /home/liam/me696_tb3_ws/install/turtlebot3_msgs/include/turtlebot3_msgs/msg/detail/version_info__rosidl_typesupport_fastrtps_c.h
[0.527s] -- Up-to-date: /home/liam/me696_tb3_ws/install/turtlebot3_msgs/include/turtlebot3_msgs/msg/detail/sensor_state__rosidl_typesupport_fastrtps_c.h
[0.527s] -- Up-to-date: /home/liam/me696_tb3_ws/install/turtlebot3_msgs/include/turtlebot3_msgs/msg/rosidl_typesupport_fastrtps_c__visibility_control.h
[0.527s] -- Up-to-date: /home/liam/me696_tb3_ws/install/turtlebot3_msgs/include/turtlebot3_msgs/action
[0.527s] -- Up-to-date: /home/liam/me696_tb3_ws/install/turtlebot3_msgs/include/turtlebot3_msgs/action/detail
[0.527s] -- Up-to-date: /home/liam/me696_tb3_ws/install/turtlebot3_msgs/include/turtlebot3_msgs/action/detail/patrol__rosidl_typesupport_fastrtps_c.h
[0.527s] -- Up-to-date: /home/liam/me696_tb3_ws/install/turtlebot3_msgs/lib/libturtlebot3_msgs__rosidl_typesupport_fastrtps_c.so
[0.527s] -- Up-to-date: /home/liam/me696_tb3_ws/install/turtlebot3_msgs/include/turtlebot3_msgs
[0.527s] -- Up-to-date: /home/liam/me696_tb3_ws/install/turtlebot3_msgs/include/turtlebot3_msgs/srv
[0.527s] -- Up-to-date: /home/liam/me696_tb3_ws/install/turtlebot3_msgs/include/turtlebot3_msgs/srv/detail
[0.528s] -- Up-to-date: /home/liam/me696_tb3_ws/install/turtlebot3_msgs/include/turtlebot3_msgs/srv/detail/drl_step__rosidl_typesupport_fastrtps_cpp.hpp
[0.528s] -- Up-to-date: /home/liam/me696_tb3_ws/install/turtlebot3_msgs/include/turtlebot3_msgs/srv/detail/goal__rosidl_typesupport_fastrtps_cpp.hpp
[0.528s] -- Up-to-date: /home/liam/me696_tb3_ws/install/turtlebot3_msgs/include/turtlebot3_msgs/srv/detail/dds_fastrtps
[0.528s] -- Up-to-date: /home/liam/me696_tb3_ws/install/turtlebot3_msgs/include/turtlebot3_msgs/srv/detail/ring_goal__rosidl_typesupport_fastrtps_cpp.hpp
[0.528s] -- Up-to-date: /home/liam/me696_tb3_ws/install/turtlebot3_msgs/include/turtlebot3_msgs/srv/detail/sound__rosidl_typesupport_fastrtps_cpp.hpp
[0.528s] -- Up-to-date: /home/liam/me696_tb3_ws/install/turtlebot3_msgs/include/turtlebot3_msgs/msg
[0.528s] -- Up-to-date: /home/liam/me696_tb3_ws/install/turtlebot3_msgs/include/turtlebot3_msgs/msg/rosidl_typesupport_fastrtps_cpp__visibility_control.h
[0.528s] -- Up-to-date: /home/liam/me696_tb3_ws/install/turtlebot3_msgs/include/turtlebot3_msgs/msg/detail
[0.528s] -- Up-to-date: /home/liam/me696_tb3_ws/install/turtlebot3_msgs/include/turtlebot3_msgs/msg/detail/sensor_state__rosidl_typesupport_fastrtps_cpp.hpp
[0.528s] -- Up-to-date: /home/liam/me696_tb3_ws/install/turtlebot3_msgs/include/turtlebot3_msgs/msg/detail/dds_fastrtps
[0.528s] -- Up-to-date: /home/liam/me696_tb3_ws/install/turtlebot3_msgs/include/turtlebot3_msgs/msg/detail/sound__rosidl_typesupport_fastrtps_cpp.hpp
[0.528s] -- Up-to-date: /home/liam/me696_tb3_ws/install/turtlebot3_msgs/include/turtlebot3_msgs/msg/detail/version_info__rosidl_typesupport_fastrtps_cpp.hpp
[0.528s] -- Up-to-date: /home/liam/me696_tb3_ws/install/turtlebot3_msgs/include/turtlebot3_msgs/action
[0.528s] -- Up-to-date: /home/liam/me696_tb3_ws/install/turtlebot3_msgs/include/turtlebot3_msgs/action/detail
[0.528s] -- Up-to-date: /home/liam/me696_tb3_ws/install/turtlebot3_msgs/include/turtlebot3_msgs/action/detail/patrol__rosidl_typesupport_fastrtps_cpp.hpp
[0.528s] -- Up-to-date: /home/liam/me696_tb3_ws/install/turtlebot3_msgs/include/turtlebot3_msgs/action/detail/dds_fastrtps
[0.528s] -- Up-to-date: /home/liam/me696_tb3_ws/install/turtlebot3_msgs/lib/libturtlebot3_msgs__rosidl_typesupport_fastrtps_cpp.so
[0.528s] -- Up-to-date: /home/liam/me696_tb3_ws/install/turtlebot3_msgs/include/turtlebot3_msgs
[0.528s] -- Up-to-date: /home/liam/me696_tb3_ws/install/turtlebot3_msgs/include/turtlebot3_msgs/srv
[0.528s] -- Up-to-date: /home/liam/me696_tb3_ws/install/turtlebot3_msgs/include/turtlebot3_msgs/srv/detail
[0.528s] -- Up-to-date: /home/liam/me696_tb3_ws/install/turtlebot3_msgs/include/turtlebot3_msgs/srv/detail/goal__type_support.c
[0.528s] -- Up-to-date: /home/liam/me696_tb3_ws/install/turtlebot3_msgs/include/turtlebot3_msgs/srv/detail/goal__rosidl_typesupport_introspection_c.h
[0.528s] -- Up-to-date: /home/liam/me696_tb3_ws/install/turtlebot3_msgs/include/turtlebot3_msgs/srv/detail/ring_goal__type_support.c
[0.528s] -- Up-to-date: /home/liam/me696_tb3_ws/install/turtlebot3_msgs/include/turtlebot3_msgs/srv/detail/sound__rosidl_typesupport_introspection_c.h
[0.528s] -- Up-to-date: /home/liam/me696_tb3_ws/install/turtlebot3_msgs/include/turtlebot3_msgs/srv/detail/drl_step__type_support.c
[0.528s] -- Up-to-date: /home/liam/me696_tb3_ws/install/turtlebot3_msgs/include/turtlebot3_msgs/srv/detail/drl_step__rosidl_typesupport_introspection_c.h
[0.528s] -- Up-to-date: /home/liam/me696_tb3_ws/install/turtlebot3_msgs/include/turtlebot3_msgs/srv/detail/sound__type_support.c
[0.528s] -- Up-to-date: /home/liam/me696_tb3_ws/install/turtlebot3_msgs/include/turtlebot3_msgs/srv/detail/ring_goal__rosidl_typesupport_introspection_c.h
[0.528s] -- Up-to-date: /home/liam/me696_tb3_ws/install/turtlebot3_msgs/include/turtlebot3_msgs/msg
[0.528s] -- Up-to-date: /home/liam/me696_tb3_ws/install/turtlebot3_msgs/include/turtlebot3_msgs/msg/rosidl_typesupport_introspection_c__visibility_control.h
[0.528s] -- Up-to-date: /home/liam/me696_tb3_ws/install/turtlebot3_msgs/include/turtlebot3_msgs/msg/detail
[0.528s] -- Up-to-date: /home/liam/me696_tb3_ws/install/turtlebot3_msgs/include/turtlebot3_msgs/msg/detail/sound__rosidl_typesupport_introspection_c.h
[0.528s] -- Up-to-date: /home/liam/me696_tb3_ws/install/turtlebot3_msgs/include/turtlebot3_msgs/msg/detail/version_info__rosidl_typesupport_introspection_c.h
[0.528s] -- Up-to-date: /home/liam/me696_tb3_ws/install/turtlebot3_msgs/include/turtlebot3_msgs/msg/detail/version_info__type_support.c
[0.528s] -- Up-to-date: /home/liam/me696_tb3_ws/install/turtlebot3_msgs/include/turtlebot3_msgs/msg/detail/sensor_state__type_support.c
[0.528s] -- Up-to-date: /home/liam/me696_tb3_ws/install/turtlebot3_msgs/include/turtlebot3_msgs/msg/detail/sound__type_support.c
[0.528s] -- Up-to-date: /home/liam/me696_tb3_ws/install/turtlebot3_msgs/include/turtlebot3_msgs/msg/detail/sensor_state__rosidl_typesupport_introspection_c.h
[0.528s] -- Up-to-date: /home/liam/me696_tb3_ws/install/turtlebot3_msgs/include/turtlebot3_msgs/action
[0.528s] -- Up-to-date: /home/liam/me696_tb3_ws/install/turtlebot3_msgs/include/turtlebot3_msgs/action/detail
[0.528s] -- Up-to-date: /home/liam/me696_tb3_ws/install/turtlebot3_msgs/include/turtlebot3_msgs/action/detail/patrol__type_support.c
[0.528s] -- Up-to-date: /home/liam/me696_tb3_ws/install/turtlebot3_msgs/include/turtlebot3_msgs/action/detail/patrol__rosidl_typesupport_introspection_c.h
[0.529s] -- Up-to-date: /home/liam/me696_tb3_ws/install/turtlebot3_msgs/lib/libturtlebot3_msgs__rosidl_typesupport_introspection_c.so
[0.529s] -- Up-to-date: /home/liam/me696_tb3_ws/install/turtlebot3_msgs/lib/libturtlebot3_msgs__rosidl_typesupport_c.so
[0.529s] -- Up-to-date: /home/liam/me696_tb3_ws/install/turtlebot3_msgs/include/turtlebot3_msgs
[0.529s] -- Up-to-date: /home/liam/me696_tb3_ws/install/turtlebot3_msgs/include/turtlebot3_msgs/srv
[0.529s] -- Up-to-date: /home/liam/me696_tb3_ws/install/turtlebot3_msgs/include/turtlebot3_msgs/srv/ring_goal.hpp
[0.529s] -- Up-to-date: /home/liam/me696_tb3_ws/install/turtlebot3_msgs/include/turtlebot3_msgs/srv/goal.hpp
[0.529s] -- Up-to-date: /home/liam/me696_tb3_ws/install/turtlebot3_msgs/include/turtlebot3_msgs/srv/detail
[0.529s] -- Up-to-date: /home/liam/me696_tb3_ws/install/turtlebot3_msgs/include/turtlebot3_msgs/srv/detail/goal__builder.hpp
[0.529s] -- Up-to-date: /home/liam/me696_tb3_ws/install/turtlebot3_msgs/include/turtlebot3_msgs/srv/detail/sound__struct.hpp
[0.529s] -- Up-to-date: /home/liam/me696_tb3_ws/install/turtlebot3_msgs/include/turtlebot3_msgs/srv/detail/ring_goal__struct.hpp
[0.529s] -- Up-to-date: /home/liam/me696_tb3_ws/install/turtlebot3_msgs/include/turtlebot3_msgs/srv/detail/ring_goal__traits.hpp
[0.529s] -- Up-to-date: /home/liam/me696_tb3_ws/install/turtlebot3_msgs/include/turtlebot3_msgs/srv/detail/drl_step__builder.hpp
[0.529s] -- Up-to-date: /home/liam/me696_tb3_ws/install/turtlebot3_msgs/include/turtlebot3_msgs/srv/detail/drl_step__struct.hpp
[0.529s] -- Up-to-date: /home/liam/me696_tb3_ws/install/turtlebot3_msgs/include/turtlebot3_msgs/srv/detail/sound__traits.hpp
[0.529s] -- Up-to-date: /home/liam/me696_tb3_ws/install/turtlebot3_msgs/include/turtlebot3_msgs/srv/detail/ring_goal__builder.hpp
[0.529s] -- Up-to-date: /home/liam/me696_tb3_ws/install/turtlebot3_msgs/include/turtlebot3_msgs/srv/detail/sound__builder.hpp
[0.529s] -- Up-to-date: /home/liam/me696_tb3_ws/install/turtlebot3_msgs/include/turtlebot3_msgs/srv/detail/drl_step__traits.hpp
[0.529s] -- Up-to-date: /home/liam/me696_tb3_ws/install/turtlebot3_msgs/include/turtlebot3_msgs/srv/detail/goal__traits.hpp
[0.529s] -- Up-to-date: /home/liam/me696_tb3_ws/install/turtlebot3_msgs/include/turtlebot3_msgs/srv/detail/goal__struct.hpp
[0.529s] -- Up-to-date: /home/liam/me696_tb3_ws/install/turtlebot3_msgs/include/turtlebot3_msgs/srv/drl_step.hpp
[0.529s] -- Up-to-date: /home/liam/me696_tb3_ws/install/turtlebot3_msgs/include/turtlebot3_msgs/srv/sound.hpp
[0.529s] -- Up-to-date: /home/liam/me696_tb3_ws/install/turtlebot3_msgs/include/turtlebot3_msgs/msg
[0.529s] -- Up-to-date: /home/liam/me696_tb3_ws/install/turtlebot3_msgs/include/turtlebot3_msgs/msg/sensor_state.hpp
[0.529s] -- Up-to-date: /home/liam/me696_tb3_ws/install/turtlebot3_msgs/include/turtlebot3_msgs/msg/detail
[0.529s] -- Up-to-date: /home/liam/me696_tb3_ws/install/turtlebot3_msgs/include/turtlebot3_msgs/msg/detail/sound__struct.hpp
[0.529s] -- Up-to-date: /home/liam/me696_tb3_ws/install/turtlebot3_msgs/include/turtlebot3_msgs/msg/detail/sensor_state__builder.hpp
[0.529s] -- Up-to-date: /home/liam/me696_tb3_ws/install/turtlebot3_msgs/include/turtlebot3_msgs/msg/detail/version_info__builder.hpp
[0.529s] -- Up-to-date: /home/liam/me696_tb3_ws/install/turtlebot3_msgs/include/turtlebot3_msgs/msg/detail/sound__traits.hpp
[0.529s] -- Up-to-date: /home/liam/me696_tb3_ws/install/turtlebot3_msgs/include/turtlebot3_msgs/msg/detail/version_info__struct.hpp
[0.529s] -- Up-to-date: /home/liam/me696_tb3_ws/install/turtlebot3_msgs/include/turtlebot3_msgs/msg/detail/sensor_state__struct.hpp
[0.529s] -- Up-to-date: /home/liam/me696_tb3_ws/install/turtlebot3_msgs/include/turtlebot3_msgs/msg/detail/sound__builder.hpp
[0.529s] -- Up-to-date: /home/liam/me696_tb3_ws/install/turtlebot3_msgs/include/turtlebot3_msgs/msg/detail/sensor_state__traits.hpp
[0.529s] -- Up-to-date: /home/liam/me696_tb3_ws/install/turtlebot3_msgs/include/turtlebot3_msgs/msg/detail/version_info__traits.hpp
[0.529s] -- Up-to-date: /home/liam/me696_tb3_ws/install/turtlebot3_msgs/include/turtlebot3_msgs/msg/version_info.hpp
[0.529s] -- Up-to-date: /home/liam/me696_tb3_ws/install/turtlebot3_msgs/include/turtlebot3_msgs/msg/sound.hpp
[0.529s] -- Up-to-date: /home/liam/me696_tb3_ws/install/turtlebot3_msgs/include/turtlebot3_msgs/action
[0.529s] -- Up-to-date: /home/liam/me696_tb3_ws/install/turtlebot3_msgs/include/turtlebot3_msgs/action/detail
[0.529s] -- Up-to-date: /home/liam/me696_tb3_ws/install/turtlebot3_msgs/include/turtlebot3_msgs/action/detail/patrol__traits.hpp
[0.529s] -- Up-to-date: /home/liam/me696_tb3_ws/install/turtlebot3_msgs/include/turtlebot3_msgs/action/detail/patrol__builder.hpp
[0.529s] -- Up-to-date: /home/liam/me696_tb3_ws/install/turtlebot3_msgs/include/turtlebot3_msgs/action/detail/patrol__struct.hpp
[0.529s] -- Up-to-date: /home/liam/me696_tb3_ws/install/turtlebot3_msgs/include/turtlebot3_msgs/action/patrol.hpp
[0.529s] -- Up-to-date: /home/liam/me696_tb3_ws/install/turtlebot3_msgs/include/turtlebot3_msgs
[0.529s] -- Up-to-date: /home/liam/me696_tb3_ws/install/turtlebot3_msgs/include/turtlebot3_msgs/srv
[0.529s] -- Up-to-date: /home/liam/me696_tb3_ws/install/turtlebot3_msgs/include/turtlebot3_msgs/srv/detail
[0.529s] -- Up-to-date: /home/liam/me696_tb3_ws/install/turtlebot3_msgs/include/turtlebot3_msgs/srv/detail/goal__rosidl_typesupport_introspection_cpp.hpp
[0.530s] -- Up-to-date: /home/liam/me696_tb3_ws/install/turtlebot3_msgs/include/turtlebot3_msgs/srv/detail/goal__type_support.cpp
[0.530s] -- Up-to-date: /home/liam/me696_tb3_ws/install/turtlebot3_msgs/include/turtlebot3_msgs/srv/detail/drl_step__rosidl_typesupport_introspection_cpp.hpp
[0.530s] -- Up-to-date: /home/liam/me696_tb3_ws/install/turtlebot3_msgs/include/turtlebot3_msgs/srv/detail/sound__rosidl_typesupport_introspection_cpp.hpp
[0.530s] -- Up-to-date: /home/liam/me696_tb3_ws/install/turtlebot3_msgs/include/turtlebot3_msgs/srv/detail/sound__type_support.cpp
[0.530s] -- Up-to-date: /home/liam/me696_tb3_ws/install/turtlebot3_msgs/include/turtlebot3_msgs/srv/detail/ring_goal__type_support.cpp
[0.530s] -- Up-to-date: /home/liam/me696_tb3_ws/install/turtlebot3_msgs/include/turtlebot3_msgs/srv/detail/drl_step__type_support.cpp
[0.530s] -- Up-to-date: /home/liam/me696_tb3_ws/install/turtlebot3_msgs/include/turtlebot3_msgs/srv/detail/ring_goal__rosidl_typesupport_introspection_cpp.hpp
[0.530s] -- Up-to-date: /home/liam/me696_tb3_ws/install/turtlebot3_msgs/include/turtlebot3_msgs/msg
[0.530s] -- Up-to-date: /home/liam/me696_tb3_ws/install/turtlebot3_msgs/include/turtlebot3_msgs/msg/detail
[0.530s] -- Up-to-date: /home/liam/me696_tb3_ws/install/turtlebot3_msgs/include/turtlebot3_msgs/msg/detail/version_info__type_support.cpp
[0.530s] -- Up-to-date: /home/liam/me696_tb3_ws/install/turtlebot3_msgs/include/turtlebot3_msgs/msg/detail/sound__rosidl_typesupport_introspection_cpp.hpp
[0.530s] -- Up-to-date: /home/liam/me696_tb3_ws/install/turtlebot3_msgs/include/turtlebot3_msgs/msg/detail/sensor_state__rosidl_typesupport_introspection_cpp.hpp
[0.530s] -- Up-to-date: /home/liam/me696_tb3_ws/install/turtlebot3_msgs/include/turtlebot3_msgs/msg/detail/sensor_state__type_support.cpp
[0.530s] -- Up-to-date: /home/liam/me696_tb3_ws/install/turtlebot3_msgs/include/turtlebot3_msgs/msg/detail/version_info__rosidl_typesupport_introspection_cpp.hpp
[0.530s] -- Up-to-date: /home/liam/me696_tb3_ws/install/turtlebot3_msgs/include/turtlebot3_msgs/msg/detail/sound__type_support.cpp
[0.530s] -- Up-to-date: /home/liam/me696_tb3_ws/install/turtlebot3_msgs/include/turtlebot3_msgs/action
[0.530s] -- Up-to-date: /home/liam/me696_tb3_ws/install/turtlebot3_msgs/include/turtlebot3_msgs/action/detail
[0.530s] -- Up-to-date: /home/liam/me696_tb3_ws/install/turtlebot3_msgs/include/turtlebot3_msgs/action/detail/patrol__type_support.cpp
[0.530s] -- Up-to-date: /home/liam/me696_tb3_ws/install/turtlebot3_msgs/include/turtlebot3_msgs/action/detail/patrol__rosidl_typesupport_introspection_cpp.hpp
[0.530s] -- Up-to-date: /home/liam/me696_tb3_ws/install/turtlebot3_msgs/lib/libturtlebot3_msgs__rosidl_typesupport_introspection_cpp.so
[0.530s] -- Up-to-date: /home/liam/me696_tb3_ws/install/turtlebot3_msgs/lib/libturtlebot3_msgs__rosidl_typesupport_cpp.so
[0.530s] -- Up-to-date: /home/liam/me696_tb3_ws/install/turtlebot3_msgs/share/turtlebot3_msgs/environment/pythonpath.sh
[0.530s] -- Up-to-date: /home/liam/me696_tb3_ws/install/turtlebot3_msgs/share/turtlebot3_msgs/environment/pythonpath.dsv
[0.530s] -- Up-to-date: /home/liam/me696_tb3_ws/install/turtlebot3_msgs/lib/python3.8/site-packages/turtlebot3_msgs/__init__.py
[0.549s] -- Up-to-date: /home/liam/me696_tb3_ws/install/turtlebot3_msgs/lib/python3.8/site-packages/turtlebot3_msgs/msg
[0.549s] -- Up-to-date: /home/liam/me696_tb3_ws/install/turtlebot3_msgs/lib/python3.8/site-packages/turtlebot3_msgs/msg/_sensor_state_s.c
[0.549s] -- Up-to-date: /home/liam/me696_tb3_ws/install/turtlebot3_msgs/lib/python3.8/site-packages/turtlebot3_msgs/msg/_sensor_state.py
[0.549s] -- Up-to-date: /home/liam/me696_tb3_ws/install/turtlebot3_msgs/lib/python3.8/site-packages/turtlebot3_msgs/msg/_version_info_s.c
[0.549s] -- Up-to-date: /home/liam/me696_tb3_ws/install/turtlebot3_msgs/lib/python3.8/site-packages/turtlebot3_msgs/msg/_sound.py
[0.549s] -- Up-to-date: /home/liam/me696_tb3_ws/install/turtlebot3_msgs/lib/python3.8/site-packages/turtlebot3_msgs/msg/_version_info.py
[0.549s] -- Up-to-date: /home/liam/me696_tb3_ws/install/turtlebot3_msgs/lib/python3.8/site-packages/turtlebot3_msgs/msg/__init__.py
[0.549s] -- Up-to-date: /home/liam/me696_tb3_ws/install/turtlebot3_msgs/lib/python3.8/site-packages/turtlebot3_msgs/msg/_sound_s.c
[0.549s] -- Up-to-date: /home/liam/me696_tb3_ws/install/turtlebot3_msgs/lib/python3.8/site-packages/turtlebot3_msgs/srv
[0.549s] -- Up-to-date: /home/liam/me696_tb3_ws/install/turtlebot3_msgs/lib/python3.8/site-packages/turtlebot3_msgs/srv/_goal.py
[0.549s] -- Up-to-date: /home/liam/me696_tb3_ws/install/turtlebot3_msgs/lib/python3.8/site-packages/turtlebot3_msgs/srv/_drl_step.py
[0.549s] -- Up-to-date: /home/liam/me696_tb3_ws/install/turtlebot3_msgs/lib/python3.8/site-packages/turtlebot3_msgs/srv/_goal_s.c
[0.549s] -- Up-to-date: /home/liam/me696_tb3_ws/install/turtlebot3_msgs/lib/python3.8/site-packages/turtlebot3_msgs/srv/_ring_goal_s.c
[0.549s] -- Up-to-date: /home/liam/me696_tb3_ws/install/turtlebot3_msgs/lib/python3.8/site-packages/turtlebot3_msgs/srv/_sound.py
[0.549s] -- Up-to-date: /home/liam/me696_tb3_ws/install/turtlebot3_msgs/lib/python3.8/site-packages/turtlebot3_msgs/srv/_drl_step_s.c
[0.549s] -- Up-to-date: /home/liam/me696_tb3_ws/install/turtlebot3_msgs/lib/python3.8/site-packages/turtlebot3_msgs/srv/_ring_goal.py
[0.549s] -- Up-to-date: /home/liam/me696_tb3_ws/install/turtlebot3_msgs/lib/python3.8/site-packages/turtlebot3_msgs/srv/__init__.py
[0.549s] -- Up-to-date: /home/liam/me696_tb3_ws/install/turtlebot3_msgs/lib/python3.8/site-packages/turtlebot3_msgs/srv/_sound_s.c
[0.549s] -- Up-to-date: /home/liam/me696_tb3_ws/install/turtlebot3_msgs/lib/python3.8/site-packages/turtlebot3_msgs/action
[0.549s] -- Up-to-date: /home/liam/me696_tb3_ws/install/turtlebot3_msgs/lib/python3.8/site-packages/turtlebot3_msgs/action/_patrol.py
[0.549s] -- Up-to-date: /home/liam/me696_tb3_ws/install/turtlebot3_msgs/lib/python3.8/site-packages/turtlebot3_msgs/action/__init__.py
[0.549s] -- Up-to-date: /home/liam/me696_tb3_ws/install/turtlebot3_msgs/lib/python3.8/site-packages/turtlebot3_msgs/action/_patrol_s.c
[0.549s] -- Up-to-date: /home/liam/me696_tb3_ws/install/turtlebot3_msgs/lib/python3.8/site-packages/turtlebot3_msgs/turtlebot3_msgs_s__rosidl_typesupport_fastrtps_c.cpython-38-x86_64-linux-gnu.so
[0.549s] -- Up-to-date: /home/liam/me696_tb3_ws/install/turtlebot3_msgs/lib/python3.8/site-packages/turtlebot3_msgs/turtlebot3_msgs_s__rosidl_typesupport_introspection_c.cpython-38-x86_64-linux-gnu.so
[0.550s] -- Up-to-date: /home/liam/me696_tb3_ws/install/turtlebot3_msgs/lib/python3.8/site-packages/turtlebot3_msgs/turtlebot3_msgs_s__rosidl_typesupport_c.cpython-38-x86_64-linux-gnu.so
[0.550s] -- Up-to-date: /home/liam/me696_tb3_ws/install/turtlebot3_msgs/lib/libturtlebot3_msgs__python.so
[0.550s] -- Up-to-date: /home/liam/me696_tb3_ws/install/turtlebot3_msgs/share/turtlebot3_msgs/msg/SensorState.idl
[0.550s] -- Up-to-date: /home/liam/me696_tb3_ws/install/turtlebot3_msgs/share/turtlebot3_msgs/msg/Sound.idl
[0.550s] -- Up-to-date: /home/liam/me696_tb3_ws/install/turtlebot3_msgs/share/turtlebot3_msgs/msg/VersionInfo.idl
[0.550s] -- Up-to-date: /home/liam/me696_tb3_ws/install/turtlebot3_msgs/share/turtlebot3_msgs/srv/Sound.idl
[0.550s] -- Up-to-date: /home/liam/me696_tb3_ws/install/turtlebot3_msgs/share/turtlebot3_msgs/srv/DrlStep.idl
[0.550s] -- Up-to-date: /home/liam/me696_tb3_ws/install/turtlebot3_msgs/share/turtlebot3_msgs/srv/Goal.idl
[0.550s] -- Up-to-date: /home/liam/me696_tb3_ws/install/turtlebot3_msgs/share/turtlebot3_msgs/srv/RingGoal.idl
[0.550s] -- Up-to-date: /home/liam/me696_tb3_ws/install/turtlebot3_msgs/share/turtlebot3_msgs/action/Patrol.idl
[0.550s] -- Up-to-date: /home/liam/me696_tb3_ws/install/turtlebot3_msgs/share/turtlebot3_msgs/msg/SensorState.msg
[0.550s] -- Up-to-date: /home/liam/me696_tb3_ws/install/turtlebot3_msgs/share/turtlebot3_msgs/msg/Sound.msg
[0.551s] -- Up-to-date: /home/liam/me696_tb3_ws/install/turtlebot3_msgs/share/turtlebot3_msgs/msg/VersionInfo.msg
[0.551s] -- Up-to-date: /home/liam/me696_tb3_ws/install/turtlebot3_msgs/share/turtlebot3_msgs/srv/Sound.srv
[0.551s] -- Up-to-date: /home/liam/me696_tb3_ws/install/turtlebot3_msgs/share/turtlebot3_msgs/srv/Sound_Request.msg
[0.551s] -- Up-to-date: /home/liam/me696_tb3_ws/install/turtlebot3_msgs/share/turtlebot3_msgs/srv/Sound_Response.msg
[0.551s] -- Up-to-date: /home/liam/me696_tb3_ws/install/turtlebot3_msgs/share/turtlebot3_msgs/srv/DrlStep.srv
[0.551s] -- Up-to-date: /home/liam/me696_tb3_ws/install/turtlebot3_msgs/share/turtlebot3_msgs/srv/DrlStep_Request.msg
[0.551s] -- Up-to-date: /home/liam/me696_tb3_ws/install/turtlebot3_msgs/share/turtlebot3_msgs/srv/DrlStep_Response.msg
[0.551s] -- Up-to-date: /home/liam/me696_tb3_ws/install/turtlebot3_msgs/share/turtlebot3_msgs/srv/Goal.srv
[0.551s] -- Up-to-date: /home/liam/me696_tb3_ws/install/turtlebot3_msgs/share/turtlebot3_msgs/srv/Goal_Request.msg
[0.551s] -- Up-to-date: /home/liam/me696_tb3_ws/install/turtlebot3_msgs/share/turtlebot3_msgs/srv/Goal_Response.msg
[0.551s] -- Up-to-date: /home/liam/me696_tb3_ws/install/turtlebot3_msgs/share/turtlebot3_msgs/srv/RingGoal.srv
[0.551s] -- Up-to-date: /home/liam/me696_tb3_ws/install/turtlebot3_msgs/share/turtlebot3_msgs/srv/RingGoal_Request.msg
[0.551s] -- Up-to-date: /home/liam/me696_tb3_ws/install/turtlebot3_msgs/share/turtlebot3_msgs/srv/RingGoal_Response.msg
[0.551s] -- Up-to-date: /home/liam/me696_tb3_ws/install/turtlebot3_msgs/share/turtlebot3_msgs/action/Patrol.action
[0.551s] -- Up-to-date: /home/liam/me696_tb3_ws/install/turtlebot3_msgs/share/ament_index/resource_index/package_run_dependencies/turtlebot3_msgs
[0.551s] -- Up-to-date: /home/liam/me696_tb3_ws/install/turtlebot3_msgs/share/ament_index/resource_index/parent_prefix_path/turtlebot3_msgs
[0.551s] -- Up-to-date: /home/liam/me696_tb3_ws/install/turtlebot3_msgs/share/turtlebot3_msgs/environment/ament_prefix_path.sh
[0.551s] -- Up-to-date: /home/liam/me696_tb3_ws/install/turtlebot3_msgs/share/turtlebot3_msgs/environment/ament_prefix_path.dsv
[0.551s] -- Up-to-date: /home/liam/me696_tb3_ws/install/turtlebot3_msgs/share/turtlebot3_msgs/environment/path.sh
[0.551s] -- Up-to-date: /home/liam/me696_tb3_ws/install/turtlebot3_msgs/share/turtlebot3_msgs/environment/path.dsv
[0.551s] -- Up-to-date: /home/liam/me696_tb3_ws/install/turtlebot3_msgs/share/turtlebot3_msgs/local_setup.bash
[0.551s] -- Up-to-date: /home/liam/me696_tb3_ws/install/turtlebot3_msgs/share/turtlebot3_msgs/local_setup.sh
[0.551s] -- Up-to-date: /home/liam/me696_tb3_ws/install/turtlebot3_msgs/share/turtlebot3_msgs/local_setup.zsh
[0.551s] -- Up-to-date: /home/liam/me696_tb3_ws/install/turtlebot3_msgs/share/turtlebot3_msgs/local_setup.dsv
[0.551s] -- Installing: /home/liam/me696_tb3_ws/install/turtlebot3_msgs/share/turtlebot3_msgs/package.dsv
[0.551s] -- Up-to-date: /home/liam/me696_tb3_ws/install/turtlebot3_msgs/share/ament_index/resource_index/packages/turtlebot3_msgs
[0.551s] -- Up-to-date: /home/liam/me696_tb3_ws/install/turtlebot3_msgs/share/turtlebot3_msgs/cmake/turtlebot3_msgs__rosidl_generator_cExport.cmake
[0.551s] -- Up-to-date: /home/liam/me696_tb3_ws/install/turtlebot3_msgs/share/turtlebot3_msgs/cmake/turtlebot3_msgs__rosidl_generator_cExport-noconfig.cmake
[0.551s] -- Up-to-date: /home/liam/me696_tb3_ws/install/turtlebot3_msgs/share/turtlebot3_msgs/cmake/turtlebot3_msgs__rosidl_typesupport_introspection_cExport.cmake
[0.551s] -- Up-to-date: /home/liam/me696_tb3_ws/install/turtlebot3_msgs/share/turtlebot3_msgs/cmake/turtlebot3_msgs__rosidl_typesupport_introspection_cExport-noconfig.cmake
[0.551s] -- Up-to-date: /home/liam/me696_tb3_ws/install/turtlebot3_msgs/share/turtlebot3_msgs/cmake/turtlebot3_msgs__rosidl_typesupport_cExport.cmake
[0.552s] -- Up-to-date: /home/liam/me696_tb3_ws/install/turtlebot3_msgs/share/turtlebot3_msgs/cmake/turtlebot3_msgs__rosidl_typesupport_cExport-noconfig.cmake
[0.552s] -- Up-to-date: /home/liam/me696_tb3_ws/install/turtlebot3_msgs/share/turtlebot3_msgs/cmake/turtlebot3_msgs__rosidl_generator_cppExport.cmake
[0.552s] -- Up-to-date: /home/liam/me696_tb3_ws/install/turtlebot3_msgs/share/turtlebot3_msgs/cmake/turtlebot3_msgs__rosidl_typesupport_introspection_cppExport.cmake
[0.552s] -- Up-to-date: /home/liam/me696_tb3_ws/install/turtlebot3_msgs/share/turtlebot3_msgs/cmake/turtlebot3_msgs__rosidl_typesupport_introspection_cppExport-noconfig.cmake
[0.552s] -- Up-to-date: /home/liam/me696_tb3_ws/install/turtlebot3_msgs/share/turtlebot3_msgs/cmake/turtlebot3_msgs__rosidl_typesupport_cppExport.cmake
[0.552s] -- Up-to-date: /home/liam/me696_tb3_ws/install/turtlebot3_msgs/share/turtlebot3_msgs/cmake/turtlebot3_msgs__rosidl_typesupport_cppExport-noconfig.cmake
[0.552s] -- Up-to-date: /home/liam/me696_tb3_ws/install/turtlebot3_msgs/share/turtlebot3_msgs/cmake/rosidl_cmake-extras.cmake
[0.552s] -- Up-to-date: /home/liam/me696_tb3_ws/install/turtlebot3_msgs/share/turtlebot3_msgs/cmake/ament_cmake_export_dependencies-extras.cmake
[0.552s] -- Up-to-date: /home/liam/me696_tb3_ws/install/turtlebot3_msgs/share/turtlebot3_msgs/cmake/ament_cmake_export_libraries-extras.cmake
[0.552s] -- Up-to-date: /home/liam/me696_tb3_ws/install/turtlebot3_msgs/share/turtlebot3_msgs/cmake/ament_cmake_export_targets-extras.cmake
[0.552s] -- Up-to-date: /home/liam/me696_tb3_ws/install/turtlebot3_msgs/share/turtlebot3_msgs/cmake/ament_cmake_export_include_directories-extras.cmake
[0.552s] -- Up-to-date: /home/liam/me696_tb3_ws/install/turtlebot3_msgs/share/turtlebot3_msgs/cmake/rosidl_cmake_export_typesupport_libraries-extras.cmake
[0.553s] -- Up-to-date: /home/liam/me696_tb3_ws/install/turtlebot3_msgs/share/turtlebot3_msgs/cmake/rosidl_cmake_export_typesupport_targets-extras.cmake
[0.553s] -- Up-to-date: /home/liam/me696_tb3_ws/install/turtlebot3_msgs/share/turtlebot3_msgs/cmake/turtlebot3_msgsConfig.cmake
[0.553s] -- Up-to-date: /home/liam/me696_tb3_ws/install/turtlebot3_msgs/share/turtlebot3_msgs/cmake/turtlebot3_msgsConfig-version.cmake
[0.554s] -- Up-to-date: /home/liam/me696_tb3_ws/install/turtlebot3_msgs/share/turtlebot3_msgs/package.xml
[0.558s] Invoked command in '/home/liam/me696_tb3_ws/build/turtlebot3_msgs' returned '0': CMAKE_PREFIX_PATH=${CMAKE_PREFIX_PATH}:/home/liam/me696_tb3_ws/install/turtlebot3_drl:/home/liam/me696_tb3_ws/install/sample_maps:/home/liam/me696_tb3_ws/install/holmes_nav:/opt/ros/foxy /usr/bin/cmake --install /home/liam/me696_tb3_ws/build/turtlebot3_msgs
