running egg_info
creating ../../build/sample_maps/sample_maps.egg-info
writing ../../build/sample_maps/sample_maps.egg-info/PKG-INFO
writing dependency_links to ../../build/sample_maps/sample_maps.egg-info/dependency_links.txt
writing entry points to ../../build/sample_maps/sample_maps.egg-info/entry_points.txt
writing requirements to ../../build/sample_maps/sample_maps.egg-info/requires.txt
writing top-level names to ../../build/sample_maps/sample_maps.egg-info/top_level.txt
writing manifest file '../../build/sample_maps/sample_maps.egg-info/SOURCES.txt'
reading manifest file '../../build/sample_maps/sample_maps.egg-info/SOURCES.txt'
writing manifest file '../../build/sample_maps/sample_maps.egg-info/SOURCES.txt'
running build
running build_py
creating /home/liam/me696_tb3_ws/build/sample_maps/build
creating /home/liam/me696_tb3_ws/build/sample_maps/build/lib
creating /home/liam/me696_tb3_ws/build/sample_maps/build/lib/sample_maps
copying sample_maps/__init__.py -> /home/liam/me696_tb3_ws/build/sample_maps/build/lib/sample_maps
running install
running install_lib
creating /home/liam/me696_tb3_ws/install/sample_maps/lib/python3.8/site-packages/sample_maps
copying /home/liam/me696_tb3_ws/build/sample_maps/build/lib/sample_maps/__init__.py -> /home/liam/me696_tb3_ws/install/sample_maps/lib/python3.8/site-packages/sample_maps
byte-compiling /home/liam/me696_tb3_ws/install/sample_maps/lib/python3.8/site-packages/sample_maps/__init__.py to __init__.cpython-38.pyc
running install_data
creating /home/liam/me696_tb3_ws/install/sample_maps/share/ament_index
creating /home/liam/me696_tb3_ws/install/sample_maps/share/ament_index/resource_index
creating /home/liam/me696_tb3_ws/install/sample_maps/share/ament_index/resource_index/packages
copying resource/sample_maps -> /home/liam/me696_tb3_ws/install/sample_maps/share/ament_index/resource_index/packages
copying package.xml -> /home/liam/me696_tb3_ws/install/sample_maps/share/sample_maps
creating /home/liam/me696_tb3_ws/install/sample_maps/share/sample_maps/sample_maps
copying sample_maps/map_clean.pgm -> /home/liam/me696_tb3_ws/install/sample_maps/share/sample_maps/sample_maps
copying sample_maps/map_distort.pgm -> /home/liam/me696_tb3_ws/install/sample_maps/share/sample_maps/sample_maps
copying sample_maps/map_distort.yaml -> /home/liam/me696_tb3_ws/install/sample_maps/share/sample_maps/sample_maps
copying sample_maps/map_clean.yaml -> /home/liam/me696_tb3_ws/install/sample_maps/share/sample_maps/sample_maps
copying sample_maps/params_config.yaml -> /home/liam/me696_tb3_ws/install/sample_maps/share/sample_maps/sample_maps
running install_egg_info
Copying ../../build/sample_maps/sample_maps.egg-info to /home/liam/me696_tb3_ws/install/sample_maps/lib/python3.8/site-packages/sample_maps-0.0.0-py3.8.egg-info
running install_scripts
writing list of installed files to '/home/liam/me696_tb3_ws/build/sample_maps/install.log'
