[0.601s] Invoking command in '/home/liam/me696_tb3_ws/src/sample_maps': PYTHONPATH=/home/liam/me696_tb3_ws/build/sample_maps/prefix_override:/home/liam/me696_tb3_ws/install/sample_maps/lib/python3.8/site-packages:${PYTHONPATH} /usr/bin/python3 setup.py egg_info --egg-base ../../build/sample_maps build --build-base /home/liam/me696_tb3_ws/build/sample_maps/build install --record /home/liam/me696_tb3_ws/build/sample_maps/install.log --install-scripts $base/lib/sample_maps --single-version-externally-managed
[0.770s] running egg_info
[0.770s] creating ../../build/sample_maps/sample_maps.egg-info
[0.770s] writing ../../build/sample_maps/sample_maps.egg-info/PKG-INFO
[0.770s] writing dependency_links to ../../build/sample_maps/sample_maps.egg-info/dependency_links.txt
[0.770s] writing entry points to ../../build/sample_maps/sample_maps.egg-info/entry_points.txt
[0.770s] writing requirements to ../../build/sample_maps/sample_maps.egg-info/requires.txt
[0.770s] writing top-level names to ../../build/sample_maps/sample_maps.egg-info/top_level.txt
[0.773s] writing manifest file '../../build/sample_maps/sample_maps.egg-info/SOURCES.txt'
[0.800s] reading manifest file '../../build/sample_maps/sample_maps.egg-info/SOURCES.txt'
[0.800s] writing manifest file '../../build/sample_maps/sample_maps.egg-info/SOURCES.txt'
[0.800s] running build
[0.800s] running build_py
[0.800s] creating /home/liam/me696_tb3_ws/build/sample_maps/build
[0.801s] creating /home/liam/me696_tb3_ws/build/sample_maps/build/lib
[0.801s] creating /home/liam/me696_tb3_ws/build/sample_maps/build/lib/sample_maps
[0.801s] copying sample_maps/__init__.py -> /home/liam/me696_tb3_ws/build/sample_maps/build/lib/sample_maps
[0.801s] running install
[0.802s] running install_lib
[0.804s] creating /home/liam/me696_tb3_ws/install/sample_maps/lib/python3.8/site-packages/sample_maps
[0.804s] copying /home/liam/me696_tb3_ws/build/sample_maps/build/lib/sample_maps/__init__.py -> /home/liam/me696_tb3_ws/install/sample_maps/lib/python3.8/site-packages/sample_maps
[0.804s] byte-compiling /home/liam/me696_tb3_ws/install/sample_maps/lib/python3.8/site-packages/sample_maps/__init__.py to __init__.cpython-38.pyc
[0.804s] running install_data
[0.804s] creating /home/liam/me696_tb3_ws/install/sample_maps/share/ament_index
[0.804s] creating /home/liam/me696_tb3_ws/install/sample_maps/share/ament_index/resource_index
[0.804s] creating /home/liam/me696_tb3_ws/install/sample_maps/share/ament_index/resource_index/packages
[0.804s] copying resource/sample_maps -> /home/liam/me696_tb3_ws/install/sample_maps/share/ament_index/resource_index/packages
[0.804s] copying package.xml -> /home/liam/me696_tb3_ws/install/sample_maps/share/sample_maps
[0.804s] creating /home/liam/me696_tb3_ws/install/sample_maps/share/sample_maps/sample_maps
[0.804s] copying sample_maps/map_clean.pgm -> /home/liam/me696_tb3_ws/install/sample_maps/share/sample_maps/sample_maps
[0.804s] copying sample_maps/map_distort.pgm -> /home/liam/me696_tb3_ws/install/sample_maps/share/sample_maps/sample_maps
[0.805s] copying sample_maps/map_distort.yaml -> /home/liam/me696_tb3_ws/install/sample_maps/share/sample_maps/sample_maps
[0.805s] copying sample_maps/map_clean.yaml -> /home/liam/me696_tb3_ws/install/sample_maps/share/sample_maps/sample_maps
[0.805s] copying sample_maps/params_config.yaml -> /home/liam/me696_tb3_ws/install/sample_maps/share/sample_maps/sample_maps
[0.805s] running install_egg_info
[0.807s] Copying ../../build/sample_maps/sample_maps.egg-info to /home/liam/me696_tb3_ws/install/sample_maps/lib/python3.8/site-packages/sample_maps-0.0.0-py3.8.egg-info
[0.807s] running install_scripts
[0.830s] writing list of installed files to '/home/liam/me696_tb3_ws/build/sample_maps/install.log'
[0.857s] Invoked command in '/home/liam/me696_tb3_ws/src/sample_maps' returned '0': PYTHONPATH=/home/liam/me696_tb3_ws/build/sample_maps/prefix_override:/home/liam/me696_tb3_ws/install/sample_maps/lib/python3.8/site-packages:${PYTHONPATH} /usr/bin/python3 setup.py egg_info --egg-base ../../build/sample_maps build --build-base /home/liam/me696_tb3_ws/build/sample_maps/build install --record /home/liam/me696_tb3_ws/build/sample_maps/install.log --install-scripts $base/lib/sample_maps --single-version-externally-managed
