[0.163s] DEBUG:colcon:Command line arguments: ['/usr/bin/colcon', 'build']
[0.163s] DEBUG:colcon:Parsed command line arguments: Namespace(allow_overriding=[], ament_cmake_args=None, base_paths=['.'], build_base='build', catkin_cmake_args=None, catkin_skip_building_tests=False, cmake_args=None, cmake_clean_cache=False, cmake_clean_first=False, cmake_force_configure=False, cmake_target=None, cmake_target_skip_unavailable=False, continue_on_error=False, event_handlers=None, executor='parallel', ignore_user_meta=False, install_base='install', log_base=None, log_level=None, main=<bound method BuildVerb.main of <colcon_core.verb.build.BuildVerb object at 0x7f4c9c92ce20>>, merge_install=False, metas=['./colcon.meta'], packages_above=None, packages_above_and_dependencies=None, packages_above_depth=None, packages_end=None, packages_ignore=None, packages_ignore_regex=None, packages_select=None, packages_select_build_failed=False, packages_select_by_dep=None, packages_select_regex=None, packages_select_test_failures=False, packages_skip=None, packages_skip_build_finished=False, packages_skip_by_dep=None, packages_skip_regex=None, packages_skip_test_passed=False, packages_skip_up_to=None, packages_start=None, packages_up_to=None, packages_up_to_regex=None, parallel_workers=2, paths=None, symlink_install=False, test_result_base=None, verb_extension=<colcon_core.verb.build.BuildVerb object at 0x7f4c9c92ce20>, verb_name='build', verb_parser=<colcon_defaults.argument_parser.defaults.DefaultArgumentsDecorator object at 0x7f4c9c9363d0>)
[0.178s] Level 1:colcon.colcon_core.package_discovery:discover_packages(colcon_meta) check parameters
[0.178s] Level 1:colcon.colcon_core.package_discovery:discover_packages(recursive) check parameters
[0.178s] Level 1:colcon.colcon_core.package_discovery:discover_packages(ignore) check parameters
[0.179s] Level 1:colcon.colcon_core.package_discovery:discover_packages(path) check parameters
[0.179s] Level 1:colcon.colcon_core.package_discovery:discover_packages(colcon_meta) discover
[0.179s] Level 1:colcon.colcon_core.package_discovery:discover_packages(recursive) discover
[0.179s] INFO:colcon.colcon_core.package_discovery:Crawling recursively for packages in '/home/liam/me696_tb3_ws'
[0.179s] Level 1:colcon.colcon_core.package_identification:_identify(.) by extensions ['ignore', 'ignore_ament_install']
[0.179s] Level 1:colcon.colcon_core.package_identification:_identify(.) by extension 'ignore'
[0.179s] Level 1:colcon.colcon_core.package_identification:_identify(.) by extension 'ignore_ament_install'
[0.179s] Level 1:colcon.colcon_core.package_identification:_identify(.) by extensions ['colcon_pkg']
[0.179s] Level 1:colcon.colcon_core.package_identification:_identify(.) by extension 'colcon_pkg'
[0.179s] Level 1:colcon.colcon_core.package_identification:_identify(.) by extensions ['colcon_meta']
[0.179s] Level 1:colcon.colcon_core.package_identification:_identify(.) by extension 'colcon_meta'
[0.179s] Level 1:colcon.colcon_core.package_identification:_identify(.) by extensions ['ros']
[0.179s] Level 1:colcon.colcon_core.package_identification:_identify(.) by extension 'ros'
[0.190s] Level 1:colcon.colcon_core.package_identification:_identify(.) by extensions ['cmake', 'python']
[0.190s] Level 1:colcon.colcon_core.package_identification:_identify(.) by extension 'cmake'
[0.190s] Level 1:colcon.colcon_core.package_identification:_identify(.) by extension 'python'
[0.190s] Level 1:colcon.colcon_core.package_identification:_identify(.) by extensions ['python_setup_py']
[0.190s] Level 1:colcon.colcon_core.package_identification:_identify(.) by extension 'python_setup_py'
[0.190s] Level 1:colcon.colcon_core.package_identification:_identify(build) by extensions ['ignore', 'ignore_ament_install']
[0.190s] Level 1:colcon.colcon_core.package_identification:_identify(build) by extension 'ignore'
[0.190s] Level 1:colcon.colcon_core.package_identification:_identify(build) ignored
[0.190s] Level 1:colcon.colcon_core.package_identification:_identify(install) by extensions ['ignore', 'ignore_ament_install']
[0.191s] Level 1:colcon.colcon_core.package_identification:_identify(install) by extension 'ignore'
[0.191s] Level 1:colcon.colcon_core.package_identification:_identify(install) ignored
[0.191s] Level 1:colcon.colcon_core.package_identification:_identify(log) by extensions ['ignore', 'ignore_ament_install']
[0.191s] Level 1:colcon.colcon_core.package_identification:_identify(log) by extension 'ignore'
[0.191s] Level 1:colcon.colcon_core.package_identification:_identify(log) ignored
[0.191s] Level 1:colcon.colcon_core.package_identification:_identify(src) by extensions ['ignore', 'ignore_ament_install']
[0.191s] Level 1:colcon.colcon_core.package_identification:_identify(src) by extension 'ignore'
[0.191s] Level 1:colcon.colcon_core.package_identification:_identify(src) by extension 'ignore_ament_install'
[0.191s] Level 1:colcon.colcon_core.package_identification:_identify(src) by extensions ['colcon_pkg']
[0.191s] Level 1:colcon.colcon_core.package_identification:_identify(src) by extension 'colcon_pkg'
[0.191s] Level 1:colcon.colcon_core.package_identification:_identify(src) by extensions ['colcon_meta']
[0.191s] Level 1:colcon.colcon_core.package_identification:_identify(src) by extension 'colcon_meta'
[0.191s] Level 1:colcon.colcon_core.package_identification:_identify(src) by extensions ['ros']
[0.191s] Level 1:colcon.colcon_core.package_identification:_identify(src) by extension 'ros'
[0.191s] Level 1:colcon.colcon_core.package_identification:_identify(src) by extensions ['cmake', 'python']
[0.191s] Level 1:colcon.colcon_core.package_identification:_identify(src) by extension 'cmake'
[0.191s] Level 1:colcon.colcon_core.package_identification:_identify(src) by extension 'python'
[0.191s] Level 1:colcon.colcon_core.package_identification:_identify(src) by extensions ['python_setup_py']
[0.191s] Level 1:colcon.colcon_core.package_identification:_identify(src) by extension 'python_setup_py'
[0.191s] Level 1:colcon.colcon_core.package_identification:_identify(src/holmes_nav) by extensions ['ignore', 'ignore_ament_install']
[0.191s] Level 1:colcon.colcon_core.package_identification:_identify(src/holmes_nav) by extension 'ignore'
[0.191s] Level 1:colcon.colcon_core.package_identification:_identify(src/holmes_nav) by extension 'ignore_ament_install'
[0.191s] Level 1:colcon.colcon_core.package_identification:_identify(src/holmes_nav) by extensions ['colcon_pkg']
[0.191s] Level 1:colcon.colcon_core.package_identification:_identify(src/holmes_nav) by extension 'colcon_pkg'
[0.191s] Level 1:colcon.colcon_core.package_identification:_identify(src/holmes_nav) by extensions ['colcon_meta']
[0.191s] Level 1:colcon.colcon_core.package_identification:_identify(src/holmes_nav) by extension 'colcon_meta'
[0.191s] Level 1:colcon.colcon_core.package_identification:_identify(src/holmes_nav) by extensions ['ros']
[0.191s] Level 1:colcon.colcon_core.package_identification:_identify(src/holmes_nav) by extension 'ros'
[0.193s] DEBUG:colcon.colcon_core.package_identification:Package 'src/holmes_nav' with type 'ros.ament_python' and name 'holmes_nav'
[0.193s] Level 1:colcon.colcon_core.package_identification:_identify(src/sample_maps) by extensions ['ignore', 'ignore_ament_install']
[0.193s] Level 1:colcon.colcon_core.package_identification:_identify(src/sample_maps) by extension 'ignore'
[0.193s] Level 1:colcon.colcon_core.package_identification:_identify(src/sample_maps) by extension 'ignore_ament_install'
[0.193s] Level 1:colcon.colcon_core.package_identification:_identify(src/sample_maps) by extensions ['colcon_pkg']
[0.193s] Level 1:colcon.colcon_core.package_identification:_identify(src/sample_maps) by extension 'colcon_pkg'
[0.193s] Level 1:colcon.colcon_core.package_identification:_identify(src/sample_maps) by extensions ['colcon_meta']
[0.193s] Level 1:colcon.colcon_core.package_identification:_identify(src/sample_maps) by extension 'colcon_meta'
[0.193s] Level 1:colcon.colcon_core.package_identification:_identify(src/sample_maps) by extensions ['ros']
[0.193s] Level 1:colcon.colcon_core.package_identification:_identify(src/sample_maps) by extension 'ros'
[0.193s] DEBUG:colcon.colcon_core.package_identification:Package 'src/sample_maps' with type 'ros.ament_python' and name 'sample_maps'
[0.193s] Level 1:colcon.colcon_core.package_identification:_identify(src/turtlebot3_drlnav) by extensions ['ignore', 'ignore_ament_install']
[0.193s] Level 1:colcon.colcon_core.package_identification:_identify(src/turtlebot3_drlnav) by extension 'ignore'
[0.193s] Level 1:colcon.colcon_core.package_identification:_identify(src/turtlebot3_drlnav) by extension 'ignore_ament_install'
[0.193s] Level 1:colcon.colcon_core.package_identification:_identify(src/turtlebot3_drlnav) by extensions ['colcon_pkg']
[0.193s] Level 1:colcon.colcon_core.package_identification:_identify(src/turtlebot3_drlnav) by extension 'colcon_pkg'
[0.193s] Level 1:colcon.colcon_core.package_identification:_identify(src/turtlebot3_drlnav) by extensions ['colcon_meta']
[0.193s] Level 1:colcon.colcon_core.package_identification:_identify(src/turtlebot3_drlnav) by extension 'colcon_meta'
[0.193s] Level 1:colcon.colcon_core.package_identification:_identify(src/turtlebot3_drlnav) by extensions ['ros']
[0.193s] Level 1:colcon.colcon_core.package_identification:_identify(src/turtlebot3_drlnav) by extension 'ros'
[0.193s] Level 1:colcon.colcon_core.package_identification:_identify(src/turtlebot3_drlnav) by extensions ['cmake', 'python']
[0.193s] Level 1:colcon.colcon_core.package_identification:_identify(src/turtlebot3_drlnav) by extension 'cmake'
[0.193s] Level 1:colcon.colcon_core.package_identification:_identify(src/turtlebot3_drlnav) by extension 'python'
[0.194s] Level 1:colcon.colcon_core.package_identification:_identify(src/turtlebot3_drlnav) by extensions ['python_setup_py']
[0.194s] Level 1:colcon.colcon_core.package_identification:_identify(src/turtlebot3_drlnav) by extension 'python_setup_py'
[0.194s] Level 1:colcon.colcon_core.package_identification:_identify(src/turtlebot3_drlnav/media) by extensions ['ignore', 'ignore_ament_install']
[0.194s] Level 1:colcon.colcon_core.package_identification:_identify(src/turtlebot3_drlnav/media) by extension 'ignore'
[0.194s] Level 1:colcon.colcon_core.package_identification:_identify(src/turtlebot3_drlnav/media) by extension 'ignore_ament_install'
[0.194s] Level 1:colcon.colcon_core.package_identification:_identify(src/turtlebot3_drlnav/media) by extensions ['colcon_pkg']
[0.194s] Level 1:colcon.colcon_core.package_identification:_identify(src/turtlebot3_drlnav/media) by extension 'colcon_pkg'
[0.194s] Level 1:colcon.colcon_core.package_identification:_identify(src/turtlebot3_drlnav/media) by extensions ['colcon_meta']
[0.194s] Level 1:colcon.colcon_core.package_identification:_identify(src/turtlebot3_drlnav/media) by extension 'colcon_meta'
[0.194s] Level 1:colcon.colcon_core.package_identification:_identify(src/turtlebot3_drlnav/media) by extensions ['ros']
[0.194s] Level 1:colcon.colcon_core.package_identification:_identify(src/turtlebot3_drlnav/media) by extension 'ros'
[0.194s] Level 1:colcon.colcon_core.package_identification:_identify(src/turtlebot3_drlnav/media) by extensions ['cmake', 'python']
[0.194s] Level 1:colcon.colcon_core.package_identification:_identify(src/turtlebot3_drlnav/media) by extension 'cmake'
[0.194s] Level 1:colcon.colcon_core.package_identification:_identify(src/turtlebot3_drlnav/media) by extension 'python'
[0.194s] Level 1:colcon.colcon_core.package_identification:_identify(src/turtlebot3_drlnav/media) by extensions ['python_setup_py']
[0.194s] Level 1:colcon.colcon_core.package_identification:_identify(src/turtlebot3_drlnav/media) by extension 'python_setup_py'
[0.194s] Level 1:colcon.colcon_core.package_identification:_identify(src/turtlebot3_drlnav/src) by extensions ['ignore', 'ignore_ament_install']
[0.194s] Level 1:colcon.colcon_core.package_identification:_identify(src/turtlebot3_drlnav/src) by extension 'ignore'
[0.194s] Level 1:colcon.colcon_core.package_identification:_identify(src/turtlebot3_drlnav/src) by extension 'ignore_ament_install'
[0.194s] Level 1:colcon.colcon_core.package_identification:_identify(src/turtlebot3_drlnav/src) by extensions ['colcon_pkg']
[0.194s] Level 1:colcon.colcon_core.package_identification:_identify(src/turtlebot3_drlnav/src) by extension 'colcon_pkg'
[0.194s] Level 1:colcon.colcon_core.package_identification:_identify(src/turtlebot3_drlnav/src) by extensions ['colcon_meta']
[0.194s] Level 1:colcon.colcon_core.package_identification:_identify(src/turtlebot3_drlnav/src) by extension 'colcon_meta'
[0.194s] Level 1:colcon.colcon_core.package_identification:_identify(src/turtlebot3_drlnav/src) by extensions ['ros']
[0.194s] Level 1:colcon.colcon_core.package_identification:_identify(src/turtlebot3_drlnav/src) by extension 'ros'
[0.194s] Level 1:colcon.colcon_core.package_identification:_identify(src/turtlebot3_drlnav/src) by extensions ['cmake', 'python']
[0.194s] Level 1:colcon.colcon_core.package_identification:_identify(src/turtlebot3_drlnav/src) by extension 'cmake'
[0.194s] Level 1:colcon.colcon_core.package_identification:_identify(src/turtlebot3_drlnav/src) by extension 'python'
[0.194s] Level 1:colcon.colcon_core.package_identification:_identify(src/turtlebot3_drlnav/src) by extensions ['python_setup_py']
[0.194s] Level 1:colcon.colcon_core.package_identification:_identify(src/turtlebot3_drlnav/src) by extension 'python_setup_py'
[0.194s] Level 1:colcon.colcon_core.package_identification:_identify(src/turtlebot3_drlnav/src/turtlebot3_drl) by extensions ['ignore', 'ignore_ament_install']
[0.194s] Level 1:colcon.colcon_core.package_identification:_identify(src/turtlebot3_drlnav/src/turtlebot3_drl) by extension 'ignore'
[0.194s] Level 1:colcon.colcon_core.package_identification:_identify(src/turtlebot3_drlnav/src/turtlebot3_drl) by extension 'ignore_ament_install'
[0.194s] Level 1:colcon.colcon_core.package_identification:_identify(src/turtlebot3_drlnav/src/turtlebot3_drl) by extensions ['colcon_pkg']
[0.194s] Level 1:colcon.colcon_core.package_identification:_identify(src/turtlebot3_drlnav/src/turtlebot3_drl) by extension 'colcon_pkg'
[0.195s] Level 1:colcon.colcon_core.package_identification:_identify(src/turtlebot3_drlnav/src/turtlebot3_drl) by extensions ['colcon_meta']
[0.195s] Level 1:colcon.colcon_core.package_identification:_identify(src/turtlebot3_drlnav/src/turtlebot3_drl) by extension 'colcon_meta'
[0.195s] Level 1:colcon.colcon_core.package_identification:_identify(src/turtlebot3_drlnav/src/turtlebot3_drl) by extensions ['ros']
[0.195s] Level 1:colcon.colcon_core.package_identification:_identify(src/turtlebot3_drlnav/src/turtlebot3_drl) by extension 'ros'
[0.195s] DEBUG:colcon.colcon_core.package_identification:Package 'src/turtlebot3_drlnav/src/turtlebot3_drl' with type 'ros.ament_python' and name 'turtlebot3_drl'
[0.195s] Level 1:colcon.colcon_core.package_identification:_identify(src/turtlebot3_drlnav/src/turtlebot3_msgs) by extensions ['ignore', 'ignore_ament_install']
[0.195s] Level 1:colcon.colcon_core.package_identification:_identify(src/turtlebot3_drlnav/src/turtlebot3_msgs) by extension 'ignore'
[0.195s] Level 1:colcon.colcon_core.package_identification:_identify(src/turtlebot3_drlnav/src/turtlebot3_msgs) by extension 'ignore_ament_install'
[0.195s] Level 1:colcon.colcon_core.package_identification:_identify(src/turtlebot3_drlnav/src/turtlebot3_msgs) by extensions ['colcon_pkg']
[0.195s] Level 1:colcon.colcon_core.package_identification:_identify(src/turtlebot3_drlnav/src/turtlebot3_msgs) by extension 'colcon_pkg'
[0.195s] Level 1:colcon.colcon_core.package_identification:_identify(src/turtlebot3_drlnav/src/turtlebot3_msgs) by extensions ['colcon_meta']
[0.195s] Level 1:colcon.colcon_core.package_identification:_identify(src/turtlebot3_drlnav/src/turtlebot3_msgs) by extension 'colcon_meta'
[0.195s] Level 1:colcon.colcon_core.package_identification:_identify(src/turtlebot3_drlnav/src/turtlebot3_msgs) by extensions ['ros']
[0.195s] Level 1:colcon.colcon_core.package_identification:_identify(src/turtlebot3_drlnav/src/turtlebot3_msgs) by extension 'ros'
[0.196s] DEBUG:colcon.colcon_core.package_identification:Package 'src/turtlebot3_drlnav/src/turtlebot3_msgs' with type 'ros.ament_cmake' and name 'turtlebot3_msgs'
[0.196s] Level 1:colcon.colcon_core.package_identification:_identify(src/turtlebot3_drlnav/src/turtlebot3_simulations) by extensions ['ignore', 'ignore_ament_install']
[0.196s] Level 1:colcon.colcon_core.package_identification:_identify(src/turtlebot3_drlnav/src/turtlebot3_simulations) by extension 'ignore'
[0.196s] Level 1:colcon.colcon_core.package_identification:_identify(src/turtlebot3_drlnav/src/turtlebot3_simulations) by extension 'ignore_ament_install'
[0.196s] Level 1:colcon.colcon_core.package_identification:_identify(src/turtlebot3_drlnav/src/turtlebot3_simulations) by extensions ['colcon_pkg']
[0.196s] Level 1:colcon.colcon_core.package_identification:_identify(src/turtlebot3_drlnav/src/turtlebot3_simulations) by extension 'colcon_pkg'
[0.196s] Level 1:colcon.colcon_core.package_identification:_identify(src/turtlebot3_drlnav/src/turtlebot3_simulations) by extensions ['colcon_meta']
[0.196s] Level 1:colcon.colcon_core.package_identification:_identify(src/turtlebot3_drlnav/src/turtlebot3_simulations) by extension 'colcon_meta'
[0.196s] Level 1:colcon.colcon_core.package_identification:_identify(src/turtlebot3_drlnav/src/turtlebot3_simulations) by extensions ['ros']
[0.196s] Level 1:colcon.colcon_core.package_identification:_identify(src/turtlebot3_drlnav/src/turtlebot3_simulations) by extension 'ros'
[0.196s] Level 1:colcon.colcon_core.package_identification:_identify(src/turtlebot3_drlnav/src/turtlebot3_simulations) by extensions ['cmake', 'python']
[0.196s] Level 1:colcon.colcon_core.package_identification:_identify(src/turtlebot3_drlnav/src/turtlebot3_simulations) by extension 'cmake'
[0.196s] Level 1:colcon.colcon_core.package_identification:_identify(src/turtlebot3_drlnav/src/turtlebot3_simulations) by extension 'python'
[0.196s] Level 1:colcon.colcon_core.package_identification:_identify(src/turtlebot3_drlnav/src/turtlebot3_simulations) by extensions ['python_setup_py']
[0.196s] Level 1:colcon.colcon_core.package_identification:_identify(src/turtlebot3_drlnav/src/turtlebot3_simulations) by extension 'python_setup_py'
[0.196s] Level 1:colcon.colcon_core.package_identification:_identify(src/turtlebot3_drlnav/src/turtlebot3_simulations/turtlebot3_fake_node) by extensions ['ignore', 'ignore_ament_install']
[0.196s] Level 1:colcon.colcon_core.package_identification:_identify(src/turtlebot3_drlnav/src/turtlebot3_simulations/turtlebot3_fake_node) by extension 'ignore'
[0.196s] Level 1:colcon.colcon_core.package_identification:_identify(src/turtlebot3_drlnav/src/turtlebot3_simulations/turtlebot3_fake_node) by extension 'ignore_ament_install'
[0.196s] Level 1:colcon.colcon_core.package_identification:_identify(src/turtlebot3_drlnav/src/turtlebot3_simulations/turtlebot3_fake_node) by extensions ['colcon_pkg']
[0.196s] Level 1:colcon.colcon_core.package_identification:_identify(src/turtlebot3_drlnav/src/turtlebot3_simulations/turtlebot3_fake_node) by extension 'colcon_pkg'
[0.196s] Level 1:colcon.colcon_core.package_identification:_identify(src/turtlebot3_drlnav/src/turtlebot3_simulations/turtlebot3_fake_node) by extensions ['colcon_meta']
[0.196s] Level 1:colcon.colcon_core.package_identification:_identify(src/turtlebot3_drlnav/src/turtlebot3_simulations/turtlebot3_fake_node) by extension 'colcon_meta'
[0.196s] Level 1:colcon.colcon_core.package_identification:_identify(src/turtlebot3_drlnav/src/turtlebot3_simulations/turtlebot3_fake_node) by extensions ['ros']
[0.196s] Level 1:colcon.colcon_core.package_identification:_identify(src/turtlebot3_drlnav/src/turtlebot3_simulations/turtlebot3_fake_node) by extension 'ros'
[0.197s] DEBUG:colcon.colcon_core.package_identification:Package 'src/turtlebot3_drlnav/src/turtlebot3_simulations/turtlebot3_fake_node' with type 'ros.ament_cmake' and name 'turtlebot3_fake_node'
[0.197s] Level 1:colcon.colcon_core.package_identification:_identify(src/turtlebot3_drlnav/src/turtlebot3_simulations/turtlebot3_gazebo) by extensions ['ignore', 'ignore_ament_install']
[0.197s] Level 1:colcon.colcon_core.package_identification:_identify(src/turtlebot3_drlnav/src/turtlebot3_simulations/turtlebot3_gazebo) by extension 'ignore'
[0.197s] Level 1:colcon.colcon_core.package_identification:_identify(src/turtlebot3_drlnav/src/turtlebot3_simulations/turtlebot3_gazebo) by extension 'ignore_ament_install'
[0.197s] Level 1:colcon.colcon_core.package_identification:_identify(src/turtlebot3_drlnav/src/turtlebot3_simulations/turtlebot3_gazebo) by extensions ['colcon_pkg']
[0.197s] Level 1:colcon.colcon_core.package_identification:_identify(src/turtlebot3_drlnav/src/turtlebot3_simulations/turtlebot3_gazebo) by extension 'colcon_pkg'
[0.197s] Level 1:colcon.colcon_core.package_identification:_identify(src/turtlebot3_drlnav/src/turtlebot3_simulations/turtlebot3_gazebo) by extensions ['colcon_meta']
[0.197s] Level 1:colcon.colcon_core.package_identification:_identify(src/turtlebot3_drlnav/src/turtlebot3_simulations/turtlebot3_gazebo) by extension 'colcon_meta'
[0.197s] Level 1:colcon.colcon_core.package_identification:_identify(src/turtlebot3_drlnav/src/turtlebot3_simulations/turtlebot3_gazebo) by extensions ['ros']
[0.197s] Level 1:colcon.colcon_core.package_identification:_identify(src/turtlebot3_drlnav/src/turtlebot3_simulations/turtlebot3_gazebo) by extension 'ros'
[0.198s] DEBUG:colcon.colcon_core.package_identification:Package 'src/turtlebot3_drlnav/src/turtlebot3_simulations/turtlebot3_gazebo' with type 'ros.ament_cmake' and name 'turtlebot3_gazebo'
[0.198s] Level 1:colcon.colcon_core.package_identification:_identify(src/turtlebot3_drlnav/src/turtlebot3_simulations/turtlebot3_simulations) by extensions ['ignore', 'ignore_ament_install']
[0.198s] Level 1:colcon.colcon_core.package_identification:_identify(src/turtlebot3_drlnav/src/turtlebot3_simulations/turtlebot3_simulations) by extension 'ignore'
[0.198s] Level 1:colcon.colcon_core.package_identification:_identify(src/turtlebot3_drlnav/src/turtlebot3_simulations/turtlebot3_simulations) by extension 'ignore_ament_install'
[0.198s] Level 1:colcon.colcon_core.package_identification:_identify(src/turtlebot3_drlnav/src/turtlebot3_simulations/turtlebot3_simulations) by extensions ['colcon_pkg']
[0.198s] Level 1:colcon.colcon_core.package_identification:_identify(src/turtlebot3_drlnav/src/turtlebot3_simulations/turtlebot3_simulations) by extension 'colcon_pkg'
[0.198s] Level 1:colcon.colcon_core.package_identification:_identify(src/turtlebot3_drlnav/src/turtlebot3_simulations/turtlebot3_simulations) by extensions ['colcon_meta']
[0.198s] Level 1:colcon.colcon_core.package_identification:_identify(src/turtlebot3_drlnav/src/turtlebot3_simulations/turtlebot3_simulations) by extension 'colcon_meta'
[0.198s] Level 1:colcon.colcon_core.package_identification:_identify(src/turtlebot3_drlnav/src/turtlebot3_simulations/turtlebot3_simulations) by extensions ['ros']
[0.198s] Level 1:colcon.colcon_core.package_identification:_identify(src/turtlebot3_drlnav/src/turtlebot3_simulations/turtlebot3_simulations) by extension 'ros'
[0.198s] DEBUG:colcon.colcon_core.package_identification:Package 'src/turtlebot3_drlnav/src/turtlebot3_simulations/turtlebot3_simulations' with type 'ros.ament_cmake' and name 'turtlebot3_simulations'
[0.198s] Level 1:colcon.colcon_core.package_identification:_identify(src/turtlebot3_drlnav/util) by extensions ['ignore', 'ignore_ament_install']
[0.199s] Level 1:colcon.colcon_core.package_identification:_identify(src/turtlebot3_drlnav/util) by extension 'ignore'
[0.199s] Level 1:colcon.colcon_core.package_identification:_identify(src/turtlebot3_drlnav/util) by extension 'ignore_ament_install'
[0.199s] Level 1:colcon.colcon_core.package_identification:_identify(src/turtlebot3_drlnav/util) by extensions ['colcon_pkg']
[0.199s] Level 1:colcon.colcon_core.package_identification:_identify(src/turtlebot3_drlnav/util) by extension 'colcon_pkg'
[0.199s] Level 1:colcon.colcon_core.package_identification:_identify(src/turtlebot3_drlnav/util) by extensions ['colcon_meta']
[0.199s] Level 1:colcon.colcon_core.package_identification:_identify(src/turtlebot3_drlnav/util) by extension 'colcon_meta'
[0.199s] Level 1:colcon.colcon_core.package_identification:_identify(src/turtlebot3_drlnav/util) by extensions ['ros']
[0.199s] Level 1:colcon.colcon_core.package_identification:_identify(src/turtlebot3_drlnav/util) by extension 'ros'
[0.199s] Level 1:colcon.colcon_core.package_identification:_identify(src/turtlebot3_drlnav/util) by extensions ['cmake', 'python']
[0.199s] Level 1:colcon.colcon_core.package_identification:_identify(src/turtlebot3_drlnav/util) by extension 'cmake'
[0.199s] Level 1:colcon.colcon_core.package_identification:_identify(src/turtlebot3_drlnav/util) by extension 'python'
[0.199s] Level 1:colcon.colcon_core.package_identification:_identify(src/turtlebot3_drlnav/util) by extensions ['python_setup_py']
[0.199s] Level 1:colcon.colcon_core.package_identification:_identify(src/turtlebot3_drlnav/util) by extension 'python_setup_py'
[0.199s] Level 1:colcon.colcon_core.package_identification:_identify(src/turtlebot3_drlnav/util/__pycache__) by extensions ['ignore', 'ignore_ament_install']
[0.199s] Level 1:colcon.colcon_core.package_identification:_identify(src/turtlebot3_drlnav/util/__pycache__) by extension 'ignore'
[0.199s] Level 1:colcon.colcon_core.package_identification:_identify(src/turtlebot3_drlnav/util/__pycache__) by extension 'ignore_ament_install'
[0.199s] Level 1:colcon.colcon_core.package_identification:_identify(src/turtlebot3_drlnav/util/__pycache__) by extensions ['colcon_pkg']
[0.199s] Level 1:colcon.colcon_core.package_identification:_identify(src/turtlebot3_drlnav/util/__pycache__) by extension 'colcon_pkg'
[0.199s] Level 1:colcon.colcon_core.package_identification:_identify(src/turtlebot3_drlnav/util/__pycache__) by extensions ['colcon_meta']
[0.199s] Level 1:colcon.colcon_core.package_identification:_identify(src/turtlebot3_drlnav/util/__pycache__) by extension 'colcon_meta'
[0.199s] Level 1:colcon.colcon_core.package_identification:_identify(src/turtlebot3_drlnav/util/__pycache__) by extensions ['ros']
[0.199s] Level 1:colcon.colcon_core.package_identification:_identify(src/turtlebot3_drlnav/util/__pycache__) by extension 'ros'
[0.199s] Level 1:colcon.colcon_core.package_identification:_identify(src/turtlebot3_drlnav/util/__pycache__) by extensions ['cmake', 'python']
[0.199s] Level 1:colcon.colcon_core.package_identification:_identify(src/turtlebot3_drlnav/util/__pycache__) by extension 'cmake'
[0.199s] Level 1:colcon.colcon_core.package_identification:_identify(src/turtlebot3_drlnav/util/__pycache__) by extension 'python'
[0.199s] Level 1:colcon.colcon_core.package_identification:_identify(src/turtlebot3_drlnav/util/__pycache__) by extensions ['python_setup_py']
[0.199s] Level 1:colcon.colcon_core.package_identification:_identify(src/turtlebot3_drlnav/util/__pycache__) by extension 'python_setup_py'
[0.199s] Level 1:colcon.colcon_core.package_discovery:discover_packages(recursive) using defaults
[0.199s] Level 1:colcon.colcon_core.package_discovery:discover_packages(ignore) discover
[0.199s] Level 1:colcon.colcon_core.package_discovery:discover_packages(ignore) using defaults
[0.199s] Level 1:colcon.colcon_core.package_discovery:discover_packages(path) discover
[0.199s] Level 1:colcon.colcon_core.package_discovery:discover_packages(path) using defaults
[0.211s] Level 1:colcon.colcon_core.package_discovery:discover_packages(prefix_path) check parameters
[0.211s] Level 1:colcon.colcon_core.package_discovery:discover_packages(prefix_path) discover
[0.213s] DEBUG:colcon.colcon_installed_package_information.package_discovery:Found 7 installed packages in /home/liam/me696_tb3_ws/install
[0.214s] DEBUG:colcon.colcon_installed_package_information.package_discovery:Found 321 installed packages in /opt/ros/foxy
[0.215s] Level 1:colcon.colcon_core.package_discovery:discover_packages(prefix_path) using defaults
[0.251s] WARNING:colcon.colcon_core.package_selection:Some selected packages are already built in one or more underlay workspaces:
	'turtlebot3_msgs' is in: /home/liam/me696_tb3_ws/install/turtlebot3_msgs, /opt/ros/foxy
If a package in a merged underlay workspace is overridden and it installs headers, then all packages in the overlay must sort their include directories by workspace order. Failure to do so may result in build failures or undefined behavior at run time.
If the overridden package is used by another package in any underlay, then the overriding package in the overlay must be API and ABI compatible or undefined behavior at run time may occur.

If you understand the risks and want to override a package anyways, add the following to the command line:
	--allow-overriding turtlebot3_msgs

This may be promoted to an error in a future release of colcon-override-check.
[0.252s] Level 5:colcon.colcon_core.verb:set package 'holmes_nav' build argument 'cmake_args' from command line to 'None'
[0.252s] Level 5:colcon.colcon_core.verb:set package 'holmes_nav' build argument 'cmake_target' from command line to 'None'
[0.252s] Level 5:colcon.colcon_core.verb:set package 'holmes_nav' build argument 'cmake_target_skip_unavailable' from command line to 'False'
[0.252s] Level 5:colcon.colcon_core.verb:set package 'holmes_nav' build argument 'cmake_clean_cache' from command line to 'False'
[0.252s] Level 5:colcon.colcon_core.verb:set package 'holmes_nav' build argument 'cmake_clean_first' from command line to 'False'
[0.252s] Level 5:colcon.colcon_core.verb:set package 'holmes_nav' build argument 'cmake_force_configure' from command line to 'False'
[0.252s] Level 5:colcon.colcon_core.verb:set package 'holmes_nav' build argument 'ament_cmake_args' from command line to 'None'
[0.252s] Level 5:colcon.colcon_core.verb:set package 'holmes_nav' build argument 'catkin_cmake_args' from command line to 'None'
[0.252s] Level 5:colcon.colcon_core.verb:set package 'holmes_nav' build argument 'catkin_skip_building_tests' from command line to 'False'
[0.252s] DEBUG:colcon.colcon_core.verb:Building package 'holmes_nav' with the following arguments: {'ament_cmake_args': None, 'build_base': '/home/liam/me696_tb3_ws/build/holmes_nav', 'catkin_cmake_args': None, 'catkin_skip_building_tests': False, 'cmake_args': None, 'cmake_clean_cache': False, 'cmake_clean_first': False, 'cmake_force_configure': False, 'cmake_target': None, 'cmake_target_skip_unavailable': False, 'install_base': '/home/liam/me696_tb3_ws/install/holmes_nav', 'merge_install': False, 'path': '/home/liam/me696_tb3_ws/src/holmes_nav', 'symlink_install': False, 'test_result_base': None}
[0.252s] Level 5:colcon.colcon_core.verb:set package 'sample_maps' build argument 'cmake_args' from command line to 'None'
[0.252s] Level 5:colcon.colcon_core.verb:set package 'sample_maps' build argument 'cmake_target' from command line to 'None'
[0.252s] Level 5:colcon.colcon_core.verb:set package 'sample_maps' build argument 'cmake_target_skip_unavailable' from command line to 'False'
[0.252s] Level 5:colcon.colcon_core.verb:set package 'sample_maps' build argument 'cmake_clean_cache' from command line to 'False'
[0.252s] Level 5:colcon.colcon_core.verb:set package 'sample_maps' build argument 'cmake_clean_first' from command line to 'False'
[0.252s] Level 5:colcon.colcon_core.verb:set package 'sample_maps' build argument 'cmake_force_configure' from command line to 'False'
[0.252s] Level 5:colcon.colcon_core.verb:set package 'sample_maps' build argument 'ament_cmake_args' from command line to 'None'
[0.252s] Level 5:colcon.colcon_core.verb:set package 'sample_maps' build argument 'catkin_cmake_args' from command line to 'None'
[0.252s] Level 5:colcon.colcon_core.verb:set package 'sample_maps' build argument 'catkin_skip_building_tests' from command line to 'False'
[0.252s] DEBUG:colcon.colcon_core.verb:Building package 'sample_maps' with the following arguments: {'ament_cmake_args': None, 'build_base': '/home/liam/me696_tb3_ws/build/sample_maps', 'catkin_cmake_args': None, 'catkin_skip_building_tests': False, 'cmake_args': None, 'cmake_clean_cache': False, 'cmake_clean_first': False, 'cmake_force_configure': False, 'cmake_target': None, 'cmake_target_skip_unavailable': False, 'install_base': '/home/liam/me696_tb3_ws/install/sample_maps', 'merge_install': False, 'path': '/home/liam/me696_tb3_ws/src/sample_maps', 'symlink_install': False, 'test_result_base': None}
[0.253s] Level 5:colcon.colcon_core.verb:set package 'turtlebot3_gazebo' build argument 'cmake_args' from command line to 'None'
[0.253s] Level 5:colcon.colcon_core.verb:set package 'turtlebot3_gazebo' build argument 'cmake_target' from command line to 'None'
[0.253s] Level 5:colcon.colcon_core.verb:set package 'turtlebot3_gazebo' build argument 'cmake_target_skip_unavailable' from command line to 'False'
[0.253s] Level 5:colcon.colcon_core.verb:set package 'turtlebot3_gazebo' build argument 'cmake_clean_cache' from command line to 'False'
[0.253s] Level 5:colcon.colcon_core.verb:set package 'turtlebot3_gazebo' build argument 'cmake_clean_first' from command line to 'False'
[0.253s] Level 5:colcon.colcon_core.verb:set package 'turtlebot3_gazebo' build argument 'cmake_force_configure' from command line to 'False'
[0.253s] Level 5:colcon.colcon_core.verb:set package 'turtlebot3_gazebo' build argument 'ament_cmake_args' from command line to 'None'
[0.253s] Level 5:colcon.colcon_core.verb:set package 'turtlebot3_gazebo' build argument 'catkin_cmake_args' from command line to 'None'
[0.253s] Level 5:colcon.colcon_core.verb:set package 'turtlebot3_gazebo' build argument 'catkin_skip_building_tests' from command line to 'False'
[0.253s] DEBUG:colcon.colcon_core.verb:Building package 'turtlebot3_gazebo' with the following arguments: {'ament_cmake_args': None, 'build_base': '/home/liam/me696_tb3_ws/build/turtlebot3_gazebo', 'catkin_cmake_args': None, 'catkin_skip_building_tests': False, 'cmake_args': None, 'cmake_clean_cache': False, 'cmake_clean_first': False, 'cmake_force_configure': False, 'cmake_target': None, 'cmake_target_skip_unavailable': False, 'install_base': '/home/liam/me696_tb3_ws/install/turtlebot3_gazebo', 'merge_install': False, 'path': '/home/liam/me696_tb3_ws/src/turtlebot3_drlnav/src/turtlebot3_simulations/turtlebot3_gazebo', 'symlink_install': False, 'test_result_base': None}
[0.253s] Level 5:colcon.colcon_core.verb:set package 'turtlebot3_msgs' build argument 'cmake_args' from command line to 'None'
[0.253s] Level 5:colcon.colcon_core.verb:set package 'turtlebot3_msgs' build argument 'cmake_target' from command line to 'None'
[0.253s] Level 5:colcon.colcon_core.verb:set package 'turtlebot3_msgs' build argument 'cmake_target_skip_unavailable' from command line to 'False'
[0.253s] Level 5:colcon.colcon_core.verb:set package 'turtlebot3_msgs' build argument 'cmake_clean_cache' from command line to 'False'
[0.253s] Level 5:colcon.colcon_core.verb:set package 'turtlebot3_msgs' build argument 'cmake_clean_first' from command line to 'False'
[0.253s] Level 5:colcon.colcon_core.verb:set package 'turtlebot3_msgs' build argument 'cmake_force_configure' from command line to 'False'
[0.253s] Level 5:colcon.colcon_core.verb:set package 'turtlebot3_msgs' build argument 'ament_cmake_args' from command line to 'None'
[0.253s] Level 5:colcon.colcon_core.verb:set package 'turtlebot3_msgs' build argument 'catkin_cmake_args' from command line to 'None'
[0.253s] Level 5:colcon.colcon_core.verb:set package 'turtlebot3_msgs' build argument 'catkin_skip_building_tests' from command line to 'False'
[0.253s] DEBUG:colcon.colcon_core.verb:Building package 'turtlebot3_msgs' with the following arguments: {'ament_cmake_args': None, 'build_base': '/home/liam/me696_tb3_ws/build/turtlebot3_msgs', 'catkin_cmake_args': None, 'catkin_skip_building_tests': False, 'cmake_args': None, 'cmake_clean_cache': False, 'cmake_clean_first': False, 'cmake_force_configure': False, 'cmake_target': None, 'cmake_target_skip_unavailable': False, 'install_base': '/home/liam/me696_tb3_ws/install/turtlebot3_msgs', 'merge_install': False, 'path': '/home/liam/me696_tb3_ws/src/turtlebot3_drlnav/src/turtlebot3_msgs', 'symlink_install': False, 'test_result_base': None}
[0.254s] Level 5:colcon.colcon_core.verb:set package 'turtlebot3_drl' build argument 'cmake_args' from command line to 'None'
[0.254s] Level 5:colcon.colcon_core.verb:set package 'turtlebot3_drl' build argument 'cmake_target' from command line to 'None'
[0.254s] Level 5:colcon.colcon_core.verb:set package 'turtlebot3_drl' build argument 'cmake_target_skip_unavailable' from command line to 'False'
[0.254s] Level 5:colcon.colcon_core.verb:set package 'turtlebot3_drl' build argument 'cmake_clean_cache' from command line to 'False'
[0.254s] Level 5:colcon.colcon_core.verb:set package 'turtlebot3_drl' build argument 'cmake_clean_first' from command line to 'False'
[0.254s] Level 5:colcon.colcon_core.verb:set package 'turtlebot3_drl' build argument 'cmake_force_configure' from command line to 'False'
[0.254s] Level 5:colcon.colcon_core.verb:set package 'turtlebot3_drl' build argument 'ament_cmake_args' from command line to 'None'
[0.254s] Level 5:colcon.colcon_core.verb:set package 'turtlebot3_drl' build argument 'catkin_cmake_args' from command line to 'None'
[0.254s] Level 5:colcon.colcon_core.verb:set package 'turtlebot3_drl' build argument 'catkin_skip_building_tests' from command line to 'False'
[0.254s] DEBUG:colcon.colcon_core.verb:Building package 'turtlebot3_drl' with the following arguments: {'ament_cmake_args': None, 'build_base': '/home/liam/me696_tb3_ws/build/turtlebot3_drl', 'catkin_cmake_args': None, 'catkin_skip_building_tests': False, 'cmake_args': None, 'cmake_clean_cache': False, 'cmake_clean_first': False, 'cmake_force_configure': False, 'cmake_target': None, 'cmake_target_skip_unavailable': False, 'install_base': '/home/liam/me696_tb3_ws/install/turtlebot3_drl', 'merge_install': False, 'path': '/home/liam/me696_tb3_ws/src/turtlebot3_drlnav/src/turtlebot3_drl', 'symlink_install': False, 'test_result_base': None}
[0.254s] Level 5:colcon.colcon_core.verb:set package 'turtlebot3_fake_node' build argument 'cmake_args' from command line to 'None'
[0.254s] Level 5:colcon.colcon_core.verb:set package 'turtlebot3_fake_node' build argument 'cmake_target' from command line to 'None'
[0.254s] Level 5:colcon.colcon_core.verb:set package 'turtlebot3_fake_node' build argument 'cmake_target_skip_unavailable' from command line to 'False'
[0.254s] Level 5:colcon.colcon_core.verb:set package 'turtlebot3_fake_node' build argument 'cmake_clean_cache' from command line to 'False'
[0.254s] Level 5:colcon.colcon_core.verb:set package 'turtlebot3_fake_node' build argument 'cmake_clean_first' from command line to 'False'
[0.254s] Level 5:colcon.colcon_core.verb:set package 'turtlebot3_fake_node' build argument 'cmake_force_configure' from command line to 'False'
[0.254s] Level 5:colcon.colcon_core.verb:set package 'turtlebot3_fake_node' build argument 'ament_cmake_args' from command line to 'None'
[0.254s] Level 5:colcon.colcon_core.verb:set package 'turtlebot3_fake_node' build argument 'catkin_cmake_args' from command line to 'None'
[0.254s] Level 5:colcon.colcon_core.verb:set package 'turtlebot3_fake_node' build argument 'catkin_skip_building_tests' from command line to 'False'
[0.254s] DEBUG:colcon.colcon_core.verb:Building package 'turtlebot3_fake_node' with the following arguments: {'ament_cmake_args': None, 'build_base': '/home/liam/me696_tb3_ws/build/turtlebot3_fake_node', 'catkin_cmake_args': None, 'catkin_skip_building_tests': False, 'cmake_args': None, 'cmake_clean_cache': False, 'cmake_clean_first': False, 'cmake_force_configure': False, 'cmake_target': None, 'cmake_target_skip_unavailable': False, 'install_base': '/home/liam/me696_tb3_ws/install/turtlebot3_fake_node', 'merge_install': False, 'path': '/home/liam/me696_tb3_ws/src/turtlebot3_drlnav/src/turtlebot3_simulations/turtlebot3_fake_node', 'symlink_install': False, 'test_result_base': None}
[0.255s] Level 5:colcon.colcon_core.verb:set package 'turtlebot3_simulations' build argument 'cmake_args' from command line to 'None'
[0.255s] Level 5:colcon.colcon_core.verb:set package 'turtlebot3_simulations' build argument 'cmake_target' from command line to 'None'
[0.255s] Level 5:colcon.colcon_core.verb:set package 'turtlebot3_simulations' build argument 'cmake_target_skip_unavailable' from command line to 'False'
[0.255s] Level 5:colcon.colcon_core.verb:set package 'turtlebot3_simulations' build argument 'cmake_clean_cache' from command line to 'False'
[0.255s] Level 5:colcon.colcon_core.verb:set package 'turtlebot3_simulations' build argument 'cmake_clean_first' from command line to 'False'
[0.255s] Level 5:colcon.colcon_core.verb:set package 'turtlebot3_simulations' build argument 'cmake_force_configure' from command line to 'False'
[0.255s] Level 5:colcon.colcon_core.verb:set package 'turtlebot3_simulations' build argument 'ament_cmake_args' from command line to 'None'
[0.255s] Level 5:colcon.colcon_core.verb:set package 'turtlebot3_simulations' build argument 'catkin_cmake_args' from command line to 'None'
[0.255s] Level 5:colcon.colcon_core.verb:set package 'turtlebot3_simulations' build argument 'catkin_skip_building_tests' from command line to 'False'
[0.255s] DEBUG:colcon.colcon_core.verb:Building package 'turtlebot3_simulations' with the following arguments: {'ament_cmake_args': None, 'build_base': '/home/liam/me696_tb3_ws/build/turtlebot3_simulations', 'catkin_cmake_args': None, 'catkin_skip_building_tests': False, 'cmake_args': None, 'cmake_clean_cache': False, 'cmake_clean_first': False, 'cmake_force_configure': False, 'cmake_target': None, 'cmake_target_skip_unavailable': False, 'install_base': '/home/liam/me696_tb3_ws/install/turtlebot3_simulations', 'merge_install': False, 'path': '/home/liam/me696_tb3_ws/src/turtlebot3_drlnav/src/turtlebot3_simulations/turtlebot3_simulations', 'symlink_install': False, 'test_result_base': None}
[0.255s] INFO:colcon.colcon_core.executor:Executing jobs using 'parallel' executor
[0.257s] DEBUG:colcon.colcon_parallel_executor.executor.parallel:run_until_complete
[0.257s] INFO:colcon.colcon_ros.task.ament_cmake.build:Building ROS package in '/home/liam/me696_tb3_ws/src/turtlebot3_drlnav/src/turtlebot3_msgs' with build type 'ament_cmake'
[0.257s] INFO:colcon.colcon_cmake.task.cmake.build:Building CMake package in '/home/liam/me696_tb3_ws/src/turtlebot3_drlnav/src/turtlebot3_msgs'
[0.261s] INFO:colcon.colcon_core.plugin_system:Skipping extension 'colcon_core.shell.bat': Not used on non-Windows systems
[0.261s] INFO:colcon.colcon_core.shell:Skip shell extension 'powershell' for command environment: Not usable outside of PowerShell
[0.261s] DEBUG:colcon.colcon_core.shell:Skip shell extension 'dsv' for command environment
[0.265s] INFO:colcon.colcon_ros.task.ament_cmake.build:Building ROS package in '/home/liam/me696_tb3_ws/src/turtlebot3_drlnav/src/turtlebot3_simulations/turtlebot3_gazebo' with build type 'ament_cmake'
[0.265s] INFO:colcon.colcon_cmake.task.cmake.build:Building CMake package in '/home/liam/me696_tb3_ws/src/turtlebot3_drlnav/src/turtlebot3_simulations/turtlebot3_gazebo'
[0.267s] INFO:colcon.colcon_core.shell:Skip shell extension 'powershell' for command environment: Not usable outside of PowerShell
[0.267s] DEBUG:colcon.colcon_core.shell:Skip shell extension 'dsv' for command environment
[0.274s] DEBUG:colcon.colcon_core.event_handler.log_command:Invoking command in '/home/liam/me696_tb3_ws/build/turtlebot3_msgs': CMAKE_PREFIX_PATH=${CMAKE_PREFIX_PATH}:/home/liam/me696_tb3_ws/install/turtlebot3_drl:/home/liam/me696_tb3_ws/install/sample_maps:/home/liam/me696_tb3_ws/install/holmes_nav:/opt/ros/foxy /usr/bin/cmake --build /home/liam/me696_tb3_ws/build/turtlebot3_msgs -- -j2 -l2
[0.285s] DEBUG:colcon.colcon_core.event_handler.log_command:Invoking command in '/home/liam/me696_tb3_ws/build/turtlebot3_gazebo': CMAKE_PREFIX_PATH=${CMAKE_PREFIX_PATH}:/home/liam/me696_tb3_ws/install/turtlebot3_drl:/home/liam/me696_tb3_ws/install/sample_maps:/home/liam/me696_tb3_ws/install/holmes_nav:/opt/ros/foxy /usr/bin/cmake --build /home/liam/me696_tb3_ws/build/turtlebot3_gazebo -- -j2 -l2
[0.401s] DEBUG:colcon.colcon_core.event_handler.log_command:Invoked command in '/home/liam/me696_tb3_ws/build/turtlebot3_gazebo' returned '0': CMAKE_PREFIX_PATH=${CMAKE_PREFIX_PATH}:/home/liam/me696_tb3_ws/install/turtlebot3_drl:/home/liam/me696_tb3_ws/install/sample_maps:/home/liam/me696_tb3_ws/install/holmes_nav:/opt/ros/foxy /usr/bin/cmake --build /home/liam/me696_tb3_ws/build/turtlebot3_gazebo -- -j2 -l2
[0.428s] DEBUG:colcon.colcon_core.event_handler.log_command:Invoking command in '/home/liam/me696_tb3_ws/build/turtlebot3_gazebo': CMAKE_PREFIX_PATH=${CMAKE_PREFIX_PATH}:/home/liam/me696_tb3_ws/install/turtlebot3_drl:/home/liam/me696_tb3_ws/install/sample_maps:/home/liam/me696_tb3_ws/install/holmes_nav:/opt/ros/foxy /usr/bin/cmake --install /home/liam/me696_tb3_ws/build/turtlebot3_gazebo
[0.456s] Level 1:colcon.colcon_core.environment:create_environment_scripts_only(turtlebot3_gazebo)
[0.458s] DEBUG:colcon.colcon_core.event_handler.log_command:Invoked command in '/home/liam/me696_tb3_ws/build/turtlebot3_gazebo' returned '0': CMAKE_PREFIX_PATH=${CMAKE_PREFIX_PATH}:/home/liam/me696_tb3_ws/install/turtlebot3_drl:/home/liam/me696_tb3_ws/install/sample_maps:/home/liam/me696_tb3_ws/install/holmes_nav:/opt/ros/foxy /usr/bin/cmake --install /home/liam/me696_tb3_ws/build/turtlebot3_gazebo
[0.460s] Level 1:colcon.colcon_core.environment:checking '/home/liam/me696_tb3_ws/install/turtlebot3_gazebo' for CMake module files
[0.460s] Level 1:colcon.colcon_core.environment:checking '/home/liam/me696_tb3_ws/install/turtlebot3_gazebo' for CMake config files
[0.461s] Level 1:colcon.colcon_core.shell:create_environment_hook('turtlebot3_gazebo', 'cmake_prefix_path')
[0.462s] INFO:colcon.colcon_core.shell:Creating environment hook '/home/liam/me696_tb3_ws/install/turtlebot3_gazebo/share/turtlebot3_gazebo/hook/cmake_prefix_path.ps1'
[0.463s] INFO:colcon.colcon_core.shell:Creating environment descriptor '/home/liam/me696_tb3_ws/install/turtlebot3_gazebo/share/turtlebot3_gazebo/hook/cmake_prefix_path.dsv'
[0.464s] INFO:colcon.colcon_core.shell:Creating environment hook '/home/liam/me696_tb3_ws/install/turtlebot3_gazebo/share/turtlebot3_gazebo/hook/cmake_prefix_path.sh'
[0.465s] Level 1:colcon.colcon_core.environment:checking '/home/liam/me696_tb3_ws/install/turtlebot3_gazebo/lib'
[0.465s] Level 1:colcon.colcon_core.environment:checking '/home/liam/me696_tb3_ws/install/turtlebot3_gazebo/bin'
[0.465s] Level 1:colcon.colcon_core.environment:checking '/home/liam/me696_tb3_ws/install/turtlebot3_gazebo/lib/pkgconfig/turtlebot3_gazebo.pc'
[0.465s] Level 1:colcon.colcon_core.environment:checking '/home/liam/me696_tb3_ws/install/turtlebot3_gazebo/lib/python3.8/site-packages'
[0.465s] Level 1:colcon.colcon_core.environment:checking '/home/liam/me696_tb3_ws/install/turtlebot3_gazebo/bin'
[0.466s] INFO:colcon.colcon_core.shell:Creating package script '/home/liam/me696_tb3_ws/install/turtlebot3_gazebo/share/turtlebot3_gazebo/package.ps1'
[0.466s] INFO:colcon.colcon_core.shell:Creating package descriptor '/home/liam/me696_tb3_ws/install/turtlebot3_gazebo/share/turtlebot3_gazebo/package.dsv'
[0.467s] INFO:colcon.colcon_core.shell:Creating package script '/home/liam/me696_tb3_ws/install/turtlebot3_gazebo/share/turtlebot3_gazebo/package.sh'
[0.467s] INFO:colcon.colcon_core.shell:Creating package script '/home/liam/me696_tb3_ws/install/turtlebot3_gazebo/share/turtlebot3_gazebo/package.bash'
[0.468s] INFO:colcon.colcon_core.shell:Creating package script '/home/liam/me696_tb3_ws/install/turtlebot3_gazebo/share/turtlebot3_gazebo/package.zsh'
[0.468s] Level 1:colcon.colcon_core.environment:create_file_with_runtime_dependencies(/home/liam/me696_tb3_ws/install/turtlebot3_gazebo/share/colcon-core/packages/turtlebot3_gazebo)
[0.490s] Level 1:colcon.colcon_core.environment:create_environment_scripts_only(turtlebot3_gazebo)
[0.491s] Level 1:colcon.colcon_core.environment:checking '/home/liam/me696_tb3_ws/install/turtlebot3_gazebo' for CMake module files
[0.492s] Level 1:colcon.colcon_core.environment:checking '/home/liam/me696_tb3_ws/install/turtlebot3_gazebo' for CMake config files
[0.492s] Level 1:colcon.colcon_core.shell:create_environment_hook('turtlebot3_gazebo', 'cmake_prefix_path')
[0.494s] INFO:colcon.colcon_core.shell:Creating environment hook '/home/liam/me696_tb3_ws/install/turtlebot3_gazebo/share/turtlebot3_gazebo/hook/cmake_prefix_path.ps1'
[0.494s] INFO:colcon.colcon_core.shell:Creating environment descriptor '/home/liam/me696_tb3_ws/install/turtlebot3_gazebo/share/turtlebot3_gazebo/hook/cmake_prefix_path.dsv'
[0.495s] INFO:colcon.colcon_core.shell:Creating environment hook '/home/liam/me696_tb3_ws/install/turtlebot3_gazebo/share/turtlebot3_gazebo/hook/cmake_prefix_path.sh'
[0.496s] Level 1:colcon.colcon_core.environment:checking '/home/liam/me696_tb3_ws/install/turtlebot3_gazebo/lib'
[0.496s] Level 1:colcon.colcon_core.environment:checking '/home/liam/me696_tb3_ws/install/turtlebot3_gazebo/bin'
[0.496s] Level 1:colcon.colcon_core.environment:checking '/home/liam/me696_tb3_ws/install/turtlebot3_gazebo/lib/pkgconfig/turtlebot3_gazebo.pc'
[0.496s] Level 1:colcon.colcon_core.environment:checking '/home/liam/me696_tb3_ws/install/turtlebot3_gazebo/lib/python3.8/site-packages'
[0.496s] Level 1:colcon.colcon_core.environment:checking '/home/liam/me696_tb3_ws/install/turtlebot3_gazebo/bin'
[0.497s] INFO:colcon.colcon_core.shell:Creating package script '/home/liam/me696_tb3_ws/install/turtlebot3_gazebo/share/turtlebot3_gazebo/package.ps1'
[0.497s] INFO:colcon.colcon_core.shell:Creating package descriptor '/home/liam/me696_tb3_ws/install/turtlebot3_gazebo/share/turtlebot3_gazebo/package.dsv'
[0.497s] INFO:colcon.colcon_core.shell:Creating package script '/home/liam/me696_tb3_ws/install/turtlebot3_gazebo/share/turtlebot3_gazebo/package.sh'
[0.498s] INFO:colcon.colcon_core.shell:Creating package script '/home/liam/me696_tb3_ws/install/turtlebot3_gazebo/share/turtlebot3_gazebo/package.bash'
[0.498s] INFO:colcon.colcon_core.shell:Creating package script '/home/liam/me696_tb3_ws/install/turtlebot3_gazebo/share/turtlebot3_gazebo/package.zsh'
[0.498s] Level 1:colcon.colcon_core.environment:create_file_with_runtime_dependencies(/home/liam/me696_tb3_ws/install/turtlebot3_gazebo/share/colcon-core/packages/turtlebot3_gazebo)
[0.499s] INFO:colcon.colcon_ros.task.ament_python.build:Building ROS package in '/home/liam/me696_tb3_ws/src/holmes_nav' with build type 'ament_python'
[0.499s] Level 1:colcon.colcon_core.shell:create_environment_hook('holmes_nav', 'ament_prefix_path')
[0.499s] INFO:colcon.colcon_core.shell:Creating environment hook '/home/liam/me696_tb3_ws/install/holmes_nav/share/holmes_nav/hook/ament_prefix_path.ps1'
[0.500s] INFO:colcon.colcon_core.shell:Creating environment descriptor '/home/liam/me696_tb3_ws/install/holmes_nav/share/holmes_nav/hook/ament_prefix_path.dsv'
[0.501s] INFO:colcon.colcon_core.shell:Creating environment hook '/home/liam/me696_tb3_ws/install/holmes_nav/share/holmes_nav/hook/ament_prefix_path.sh'
[0.502s] INFO:colcon.colcon_core.shell:Skip shell extension 'powershell' for command environment: Not usable outside of PowerShell
[0.502s] DEBUG:colcon.colcon_core.shell:Skip shell extension 'dsv' for command environment
[0.628s] INFO:colcon.colcon_core.task.python.build:Building Python package in '/home/liam/me696_tb3_ws/src/holmes_nav'
[0.630s] INFO:colcon.colcon_core.shell:Skip shell extension 'powershell' for command environment: Not usable outside of PowerShell
[0.630s] DEBUG:colcon.colcon_core.shell:Skip shell extension 'dsv' for command environment
[0.635s] DEBUG:colcon.colcon_core.event_handler.log_command:Invoked command in '/home/liam/me696_tb3_ws/build/turtlebot3_msgs' returned '0': CMAKE_PREFIX_PATH=${CMAKE_PREFIX_PATH}:/home/liam/me696_tb3_ws/install/turtlebot3_drl:/home/liam/me696_tb3_ws/install/sample_maps:/home/liam/me696_tb3_ws/install/holmes_nav:/opt/ros/foxy /usr/bin/cmake --build /home/liam/me696_tb3_ws/build/turtlebot3_msgs -- -j2 -l2
[0.715s] DEBUG:colcon.colcon_core.event_handler.log_command:Invoking command in '/home/liam/me696_tb3_ws/build/turtlebot3_msgs': CMAKE_PREFIX_PATH=${CMAKE_PREFIX_PATH}:/home/liam/me696_tb3_ws/install/turtlebot3_drl:/home/liam/me696_tb3_ws/install/sample_maps:/home/liam/me696_tb3_ws/install/holmes_nav:/opt/ros/foxy /usr/bin/cmake --install /home/liam/me696_tb3_ws/build/turtlebot3_msgs
[0.776s] Level 1:colcon.colcon_core.environment:create_environment_scripts_only(turtlebot3_msgs)
[0.776s] DEBUG:colcon.colcon_core.event_handler.log_command:Invoked command in '/home/liam/me696_tb3_ws/build/turtlebot3_msgs' returned '0': CMAKE_PREFIX_PATH=${CMAKE_PREFIX_PATH}:/home/liam/me696_tb3_ws/install/turtlebot3_drl:/home/liam/me696_tb3_ws/install/sample_maps:/home/liam/me696_tb3_ws/install/holmes_nav:/opt/ros/foxy /usr/bin/cmake --install /home/liam/me696_tb3_ws/build/turtlebot3_msgs
[0.777s] Level 1:colcon.colcon_core.environment:checking '/home/liam/me696_tb3_ws/install/turtlebot3_msgs' for CMake module files
[0.778s] Level 1:colcon.colcon_core.environment:checking '/home/liam/me696_tb3_ws/install/turtlebot3_msgs' for CMake config files
[0.778s] Level 1:colcon.colcon_core.shell:create_environment_hook('turtlebot3_msgs', 'cmake_prefix_path')
[0.779s] INFO:colcon.colcon_core.shell:Creating environment hook '/home/liam/me696_tb3_ws/install/turtlebot3_msgs/share/turtlebot3_msgs/hook/cmake_prefix_path.ps1'
[0.780s] INFO:colcon.colcon_core.shell:Creating environment descriptor '/home/liam/me696_tb3_ws/install/turtlebot3_msgs/share/turtlebot3_msgs/hook/cmake_prefix_path.dsv'
[0.780s] INFO:colcon.colcon_core.shell:Creating environment hook '/home/liam/me696_tb3_ws/install/turtlebot3_msgs/share/turtlebot3_msgs/hook/cmake_prefix_path.sh'
[0.780s] Level 1:colcon.colcon_core.environment:checking '/home/liam/me696_tb3_ws/install/turtlebot3_msgs/lib'
[0.780s] Level 1:colcon.colcon_core.shell:create_environment_hook('turtlebot3_msgs', 'ld_library_path_lib')
[0.781s] INFO:colcon.colcon_core.shell:Creating environment hook '/home/liam/me696_tb3_ws/install/turtlebot3_msgs/share/turtlebot3_msgs/hook/ld_library_path_lib.ps1'
[0.781s] INFO:colcon.colcon_core.shell:Creating environment descriptor '/home/liam/me696_tb3_ws/install/turtlebot3_msgs/share/turtlebot3_msgs/hook/ld_library_path_lib.dsv'
[0.781s] INFO:colcon.colcon_core.shell:Creating environment hook '/home/liam/me696_tb3_ws/install/turtlebot3_msgs/share/turtlebot3_msgs/hook/ld_library_path_lib.sh'
[0.782s] Level 1:colcon.colcon_core.environment:checking '/home/liam/me696_tb3_ws/install/turtlebot3_msgs/bin'
[0.782s] Level 1:colcon.colcon_core.environment:checking '/home/liam/me696_tb3_ws/install/turtlebot3_msgs/lib/pkgconfig/turtlebot3_msgs.pc'
[0.782s] Level 1:colcon.colcon_core.environment:checking '/home/liam/me696_tb3_ws/install/turtlebot3_msgs/lib/python3.8/site-packages'
[0.782s] Level 1:colcon.colcon_core.shell:create_environment_hook('turtlebot3_msgs', 'pythonpath')
[0.783s] INFO:colcon.colcon_core.shell:Creating environment hook '/home/liam/me696_tb3_ws/install/turtlebot3_msgs/share/turtlebot3_msgs/hook/pythonpath.ps1'
[0.783s] INFO:colcon.colcon_core.shell:Creating environment descriptor '/home/liam/me696_tb3_ws/install/turtlebot3_msgs/share/turtlebot3_msgs/hook/pythonpath.dsv'
[0.783s] INFO:colcon.colcon_core.shell:Creating environment hook '/home/liam/me696_tb3_ws/install/turtlebot3_msgs/share/turtlebot3_msgs/hook/pythonpath.sh'
[0.784s] Level 1:colcon.colcon_core.environment:checking '/home/liam/me696_tb3_ws/install/turtlebot3_msgs/bin'
[0.784s] INFO:colcon.colcon_core.shell:Creating package script '/home/liam/me696_tb3_ws/install/turtlebot3_msgs/share/turtlebot3_msgs/package.ps1'
[0.785s] INFO:colcon.colcon_core.shell:Creating package descriptor '/home/liam/me696_tb3_ws/install/turtlebot3_msgs/share/turtlebot3_msgs/package.dsv'
[0.785s] INFO:colcon.colcon_core.shell:Creating package script '/home/liam/me696_tb3_ws/install/turtlebot3_msgs/share/turtlebot3_msgs/package.sh'
[0.786s] INFO:colcon.colcon_core.shell:Creating package script '/home/liam/me696_tb3_ws/install/turtlebot3_msgs/share/turtlebot3_msgs/package.bash'
[0.787s] INFO:colcon.colcon_core.shell:Creating package script '/home/liam/me696_tb3_ws/install/turtlebot3_msgs/share/turtlebot3_msgs/package.zsh'
[0.787s] Level 1:colcon.colcon_core.environment:create_file_with_runtime_dependencies(/home/liam/me696_tb3_ws/install/turtlebot3_msgs/share/colcon-core/packages/turtlebot3_msgs)
[0.864s] Level 1:colcon.colcon_core.environment:create_environment_scripts_only(turtlebot3_msgs)
[0.865s] Level 1:colcon.colcon_core.environment:checking '/home/liam/me696_tb3_ws/install/turtlebot3_msgs' for CMake module files
[0.865s] Level 1:colcon.colcon_core.environment:checking '/home/liam/me696_tb3_ws/install/turtlebot3_msgs' for CMake config files
[0.865s] Level 1:colcon.colcon_core.shell:create_environment_hook('turtlebot3_msgs', 'cmake_prefix_path')
[0.866s] INFO:colcon.colcon_core.shell:Creating environment hook '/home/liam/me696_tb3_ws/install/turtlebot3_msgs/share/turtlebot3_msgs/hook/cmake_prefix_path.ps1'
[0.867s] INFO:colcon.colcon_core.shell:Creating environment descriptor '/home/liam/me696_tb3_ws/install/turtlebot3_msgs/share/turtlebot3_msgs/hook/cmake_prefix_path.dsv'
[0.867s] INFO:colcon.colcon_core.shell:Creating environment hook '/home/liam/me696_tb3_ws/install/turtlebot3_msgs/share/turtlebot3_msgs/hook/cmake_prefix_path.sh'
[0.867s] Level 1:colcon.colcon_core.environment:checking '/home/liam/me696_tb3_ws/install/turtlebot3_msgs/lib'
[0.867s] Level 1:colcon.colcon_core.shell:create_environment_hook('turtlebot3_msgs', 'ld_library_path_lib')
[0.868s] INFO:colcon.colcon_core.shell:Creating environment hook '/home/liam/me696_tb3_ws/install/turtlebot3_msgs/share/turtlebot3_msgs/hook/ld_library_path_lib.ps1'
[0.868s] INFO:colcon.colcon_core.shell:Creating environment descriptor '/home/liam/me696_tb3_ws/install/turtlebot3_msgs/share/turtlebot3_msgs/hook/ld_library_path_lib.dsv'
[0.868s] INFO:colcon.colcon_core.shell:Creating environment hook '/home/liam/me696_tb3_ws/install/turtlebot3_msgs/share/turtlebot3_msgs/hook/ld_library_path_lib.sh'
[0.869s] Level 1:colcon.colcon_core.environment:checking '/home/liam/me696_tb3_ws/install/turtlebot3_msgs/bin'
[0.869s] Level 1:colcon.colcon_core.environment:checking '/home/liam/me696_tb3_ws/install/turtlebot3_msgs/lib/pkgconfig/turtlebot3_msgs.pc'
[0.869s] Level 1:colcon.colcon_core.environment:checking '/home/liam/me696_tb3_ws/install/turtlebot3_msgs/lib/python3.8/site-packages'
[0.869s] Level 1:colcon.colcon_core.shell:create_environment_hook('turtlebot3_msgs', 'pythonpath')
[0.877s] INFO:colcon.colcon_core.shell:Creating environment hook '/home/liam/me696_tb3_ws/install/turtlebot3_msgs/share/turtlebot3_msgs/hook/pythonpath.ps1'
[0.878s] INFO:colcon.colcon_core.shell:Creating environment descriptor '/home/liam/me696_tb3_ws/install/turtlebot3_msgs/share/turtlebot3_msgs/hook/pythonpath.dsv'
[0.878s] INFO:colcon.colcon_core.shell:Creating environment hook '/home/liam/me696_tb3_ws/install/turtlebot3_msgs/share/turtlebot3_msgs/hook/pythonpath.sh'
[0.878s] Level 1:colcon.colcon_core.environment:checking '/home/liam/me696_tb3_ws/install/turtlebot3_msgs/bin'
[0.879s] INFO:colcon.colcon_core.shell:Creating package script '/home/liam/me696_tb3_ws/install/turtlebot3_msgs/share/turtlebot3_msgs/package.ps1'
[0.880s] INFO:colcon.colcon_core.shell:Creating package descriptor '/home/liam/me696_tb3_ws/install/turtlebot3_msgs/share/turtlebot3_msgs/package.dsv'
[0.880s] INFO:colcon.colcon_core.shell:Creating package script '/home/liam/me696_tb3_ws/install/turtlebot3_msgs/share/turtlebot3_msgs/package.sh'
[0.880s] INFO:colcon.colcon_core.shell:Creating package script '/home/liam/me696_tb3_ws/install/turtlebot3_msgs/share/turtlebot3_msgs/package.bash'
[0.881s] INFO:colcon.colcon_core.shell:Creating package script '/home/liam/me696_tb3_ws/install/turtlebot3_msgs/share/turtlebot3_msgs/package.zsh'
[0.881s] Level 1:colcon.colcon_core.environment:create_file_with_runtime_dependencies(/home/liam/me696_tb3_ws/install/turtlebot3_msgs/share/colcon-core/packages/turtlebot3_msgs)
[0.882s] INFO:colcon.colcon_ros.task.ament_cmake.build:Building ROS package in '/home/liam/me696_tb3_ws/src/turtlebot3_drlnav/src/turtlebot3_simulations/turtlebot3_fake_node' with build type 'ament_cmake'
[0.882s] INFO:colcon.colcon_cmake.task.cmake.build:Building CMake package in '/home/liam/me696_tb3_ws/src/turtlebot3_drlnav/src/turtlebot3_simulations/turtlebot3_fake_node'
[0.883s] INFO:colcon.colcon_core.shell:Skip shell extension 'powershell' for command environment: Not usable outside of PowerShell
[0.883s] DEBUG:colcon.colcon_core.shell:Skip shell extension 'dsv' for command environment
[0.892s] DEBUG:colcon.colcon_core.event_handler.log_command:Invoking command in '/home/liam/me696_tb3_ws/build/turtlebot3_fake_node': CMAKE_PREFIX_PATH=/home/liam/me696_tb3_ws/install/turtlebot3_msgs:/home/liam/me696_tb3_ws/install/turtlebot3_simulations:/home/liam/me696_tb3_ws/install/turtlebot3_fake_node:/home/liam/me696_tb3_ws/install/turtlebot3_gazebo:/home/liam/me696_tb3_ws/install/turtlebot3_drl:/home/liam/me696_tb3_ws/install/sample_maps:/home/liam/me696_tb3_ws/install/holmes_nav:/opt/ros/foxy PYTHONPATH=/home/liam/me696_tb3_ws/install/turtlebot3_msgs/lib/python3.8/site-packages:/home/liam/me696_tb3_ws/install/turtlebot3_drl/lib/python3.8/site-packages:/home/liam/me696_tb3_ws/install/sample_maps/lib/python3.8/site-packages:/home/liam/me696_tb3_ws/install/holmes_nav/lib/python3.8/site-packages:/opt/ros/foxy/lib/python3.8/site-packages /usr/bin/cmake --build /home/liam/me696_tb3_ws/build/turtlebot3_fake_node -- -j2 -l2
[0.896s] DEBUG:colcon.colcon_core.event_handler.log_command:Invoking command in '/home/liam/me696_tb3_ws/src/holmes_nav': PYTHONPATH=/home/liam/me696_tb3_ws/build/holmes_nav/prefix_override:/home/liam/me696_tb3_ws/install/holmes_nav/lib/python3.8/site-packages:${PYTHONPATH} /usr/bin/python3 setup.py egg_info --egg-base ../../build/holmes_nav build --build-base /home/liam/me696_tb3_ws/build/holmes_nav/build install --record /home/liam/me696_tb3_ws/build/holmes_nav/install.log --install-scripts $base/lib/holmes_nav --single-version-externally-managed
[0.951s] DEBUG:colcon.colcon_core.event_handler.log_command:Invoked command in '/home/liam/me696_tb3_ws/build/turtlebot3_fake_node' returned '0': CMAKE_PREFIX_PATH=/home/liam/me696_tb3_ws/install/turtlebot3_msgs:/home/liam/me696_tb3_ws/install/turtlebot3_simulations:/home/liam/me696_tb3_ws/install/turtlebot3_fake_node:/home/liam/me696_tb3_ws/install/turtlebot3_gazebo:/home/liam/me696_tb3_ws/install/turtlebot3_drl:/home/liam/me696_tb3_ws/install/sample_maps:/home/liam/me696_tb3_ws/install/holmes_nav:/opt/ros/foxy PYTHONPATH=/home/liam/me696_tb3_ws/install/turtlebot3_msgs/lib/python3.8/site-packages:/home/liam/me696_tb3_ws/install/turtlebot3_drl/lib/python3.8/site-packages:/home/liam/me696_tb3_ws/install/sample_maps/lib/python3.8/site-packages:/home/liam/me696_tb3_ws/install/holmes_nav/lib/python3.8/site-packages:/opt/ros/foxy/lib/python3.8/site-packages /usr/bin/cmake --build /home/liam/me696_tb3_ws/build/turtlebot3_fake_node -- -j2 -l2
[0.969s] DEBUG:colcon.colcon_core.event_handler.log_command:Invoking command in '/home/liam/me696_tb3_ws/build/turtlebot3_fake_node': CMAKE_PREFIX_PATH=/home/liam/me696_tb3_ws/install/turtlebot3_msgs:/home/liam/me696_tb3_ws/install/turtlebot3_simulations:/home/liam/me696_tb3_ws/install/turtlebot3_fake_node:/home/liam/me696_tb3_ws/install/turtlebot3_gazebo:/home/liam/me696_tb3_ws/install/turtlebot3_drl:/home/liam/me696_tb3_ws/install/sample_maps:/home/liam/me696_tb3_ws/install/holmes_nav:/opt/ros/foxy PYTHONPATH=/home/liam/me696_tb3_ws/install/turtlebot3_msgs/lib/python3.8/site-packages:/home/liam/me696_tb3_ws/install/turtlebot3_drl/lib/python3.8/site-packages:/home/liam/me696_tb3_ws/install/sample_maps/lib/python3.8/site-packages:/home/liam/me696_tb3_ws/install/holmes_nav/lib/python3.8/site-packages:/opt/ros/foxy/lib/python3.8/site-packages /usr/bin/cmake --install /home/liam/me696_tb3_ws/build/turtlebot3_fake_node
[0.979s] Level 1:colcon.colcon_core.environment:create_environment_scripts_only(turtlebot3_fake_node)
[0.980s] Level 1:colcon.colcon_core.environment:checking '/home/liam/me696_tb3_ws/install/turtlebot3_fake_node' for CMake module files
[0.981s] Level 1:colcon.colcon_core.environment:checking '/home/liam/me696_tb3_ws/install/turtlebot3_fake_node' for CMake config files
[0.981s] Level 1:colcon.colcon_core.shell:create_environment_hook('turtlebot3_fake_node', 'cmake_prefix_path')
[0.981s] INFO:colcon.colcon_core.shell:Creating environment hook '/home/liam/me696_tb3_ws/install/turtlebot3_fake_node/share/turtlebot3_fake_node/hook/cmake_prefix_path.ps1'
[0.982s] DEBUG:colcon.colcon_core.event_handler.log_command:Invoked command in '/home/liam/me696_tb3_ws/build/turtlebot3_fake_node' returned '0': CMAKE_PREFIX_PATH=/home/liam/me696_tb3_ws/install/turtlebot3_msgs:/home/liam/me696_tb3_ws/install/turtlebot3_simulations:/home/liam/me696_tb3_ws/install/turtlebot3_fake_node:/home/liam/me696_tb3_ws/install/turtlebot3_gazebo:/home/liam/me696_tb3_ws/install/turtlebot3_drl:/home/liam/me696_tb3_ws/install/sample_maps:/home/liam/me696_tb3_ws/install/holmes_nav:/opt/ros/foxy PYTHONPATH=/home/liam/me696_tb3_ws/install/turtlebot3_msgs/lib/python3.8/site-packages:/home/liam/me696_tb3_ws/install/turtlebot3_drl/lib/python3.8/site-packages:/home/liam/me696_tb3_ws/install/sample_maps/lib/python3.8/site-packages:/home/liam/me696_tb3_ws/install/holmes_nav/lib/python3.8/site-packages:/opt/ros/foxy/lib/python3.8/site-packages /usr/bin/cmake --install /home/liam/me696_tb3_ws/build/turtlebot3_fake_node
[0.982s] INFO:colcon.colcon_core.shell:Creating environment descriptor '/home/liam/me696_tb3_ws/install/turtlebot3_fake_node/share/turtlebot3_fake_node/hook/cmake_prefix_path.dsv'
[0.982s] INFO:colcon.colcon_core.shell:Creating environment hook '/home/liam/me696_tb3_ws/install/turtlebot3_fake_node/share/turtlebot3_fake_node/hook/cmake_prefix_path.sh'
[0.983s] Level 1:colcon.colcon_core.environment:checking '/home/liam/me696_tb3_ws/install/turtlebot3_fake_node/lib'
[0.983s] Level 1:colcon.colcon_core.environment:checking '/home/liam/me696_tb3_ws/install/turtlebot3_fake_node/bin'
[0.983s] Level 1:colcon.colcon_core.environment:checking '/home/liam/me696_tb3_ws/install/turtlebot3_fake_node/lib/pkgconfig/turtlebot3_fake_node.pc'
[0.983s] Level 1:colcon.colcon_core.environment:checking '/home/liam/me696_tb3_ws/install/turtlebot3_fake_node/lib/python3.8/site-packages'
[0.983s] Level 1:colcon.colcon_core.environment:checking '/home/liam/me696_tb3_ws/install/turtlebot3_fake_node/bin'
[0.984s] INFO:colcon.colcon_core.shell:Creating package script '/home/liam/me696_tb3_ws/install/turtlebot3_fake_node/share/turtlebot3_fake_node/package.ps1'
[0.984s] INFO:colcon.colcon_core.shell:Creating package descriptor '/home/liam/me696_tb3_ws/install/turtlebot3_fake_node/share/turtlebot3_fake_node/package.dsv'
[0.985s] INFO:colcon.colcon_core.shell:Creating package script '/home/liam/me696_tb3_ws/install/turtlebot3_fake_node/share/turtlebot3_fake_node/package.sh'
[0.985s] INFO:colcon.colcon_core.shell:Creating package script '/home/liam/me696_tb3_ws/install/turtlebot3_fake_node/share/turtlebot3_fake_node/package.bash'
[0.986s] INFO:colcon.colcon_core.shell:Creating package script '/home/liam/me696_tb3_ws/install/turtlebot3_fake_node/share/turtlebot3_fake_node/package.zsh'
[0.986s] Level 1:colcon.colcon_core.environment:create_file_with_runtime_dependencies(/home/liam/me696_tb3_ws/install/turtlebot3_fake_node/share/colcon-core/packages/turtlebot3_fake_node)
[1.020s] Level 1:colcon.colcon_core.environment:create_environment_scripts_only(turtlebot3_fake_node)
[1.021s] Level 1:colcon.colcon_core.environment:checking '/home/liam/me696_tb3_ws/install/turtlebot3_fake_node' for CMake module files
[1.021s] Level 1:colcon.colcon_core.environment:checking '/home/liam/me696_tb3_ws/install/turtlebot3_fake_node' for CMake config files
[1.022s] Level 1:colcon.colcon_core.shell:create_environment_hook('turtlebot3_fake_node', 'cmake_prefix_path')
[1.022s] INFO:colcon.colcon_core.shell:Creating environment hook '/home/liam/me696_tb3_ws/install/turtlebot3_fake_node/share/turtlebot3_fake_node/hook/cmake_prefix_path.ps1'
[1.023s] INFO:colcon.colcon_core.shell:Creating environment descriptor '/home/liam/me696_tb3_ws/install/turtlebot3_fake_node/share/turtlebot3_fake_node/hook/cmake_prefix_path.dsv'
[1.023s] INFO:colcon.colcon_core.shell:Creating environment hook '/home/liam/me696_tb3_ws/install/turtlebot3_fake_node/share/turtlebot3_fake_node/hook/cmake_prefix_path.sh'
[1.023s] Level 1:colcon.colcon_core.environment:checking '/home/liam/me696_tb3_ws/install/turtlebot3_fake_node/lib'
[1.023s] Level 1:colcon.colcon_core.environment:checking '/home/liam/me696_tb3_ws/install/turtlebot3_fake_node/bin'
[1.023s] Level 1:colcon.colcon_core.environment:checking '/home/liam/me696_tb3_ws/install/turtlebot3_fake_node/lib/pkgconfig/turtlebot3_fake_node.pc'
[1.024s] Level 1:colcon.colcon_core.environment:checking '/home/liam/me696_tb3_ws/install/turtlebot3_fake_node/lib/python3.8/site-packages'
[1.024s] Level 1:colcon.colcon_core.environment:checking '/home/liam/me696_tb3_ws/install/turtlebot3_fake_node/bin'
[1.024s] INFO:colcon.colcon_core.shell:Creating package script '/home/liam/me696_tb3_ws/install/turtlebot3_fake_node/share/turtlebot3_fake_node/package.ps1'
[1.025s] INFO:colcon.colcon_core.shell:Creating package descriptor '/home/liam/me696_tb3_ws/install/turtlebot3_fake_node/share/turtlebot3_fake_node/package.dsv'
[1.025s] INFO:colcon.colcon_core.shell:Creating package script '/home/liam/me696_tb3_ws/install/turtlebot3_fake_node/share/turtlebot3_fake_node/package.sh'
[1.025s] INFO:colcon.colcon_core.shell:Creating package script '/home/liam/me696_tb3_ws/install/turtlebot3_fake_node/share/turtlebot3_fake_node/package.bash'
[1.026s] INFO:colcon.colcon_core.shell:Creating package script '/home/liam/me696_tb3_ws/install/turtlebot3_fake_node/share/turtlebot3_fake_node/package.zsh'
[1.026s] Level 1:colcon.colcon_core.environment:create_file_with_runtime_dependencies(/home/liam/me696_tb3_ws/install/turtlebot3_fake_node/share/colcon-core/packages/turtlebot3_fake_node)
[1.026s] INFO:colcon.colcon_ros.task.ament_python.build:Building ROS package in '/home/liam/me696_tb3_ws/src/sample_maps' with build type 'ament_python'
[1.027s] Level 1:colcon.colcon_core.shell:create_environment_hook('sample_maps', 'ament_prefix_path')
[1.027s] INFO:colcon.colcon_core.shell:Creating environment hook '/home/liam/me696_tb3_ws/install/sample_maps/share/sample_maps/hook/ament_prefix_path.ps1'
[1.028s] INFO:colcon.colcon_core.shell:Creating environment descriptor '/home/liam/me696_tb3_ws/install/sample_maps/share/sample_maps/hook/ament_prefix_path.dsv'
[1.028s] INFO:colcon.colcon_core.shell:Creating environment hook '/home/liam/me696_tb3_ws/install/sample_maps/share/sample_maps/hook/ament_prefix_path.sh'
[1.029s] INFO:colcon.colcon_core.shell:Skip shell extension 'powershell' for command environment: Not usable outside of PowerShell
[1.029s] DEBUG:colcon.colcon_core.shell:Skip shell extension 'dsv' for command environment
[1.154s] INFO:colcon.colcon_core.task.python.build:Building Python package in '/home/liam/me696_tb3_ws/src/sample_maps'
[1.155s] INFO:colcon.colcon_core.shell:Skip shell extension 'powershell' for command environment: Not usable outside of PowerShell
[1.155s] DEBUG:colcon.colcon_core.shell:Skip shell extension 'dsv' for command environment
[1.162s] Level 1:colcon.colcon_core.environment:checking '/home/liam/me696_tb3_ws/install/holmes_nav' for CMake module files
[1.162s] Level 1:colcon.colcon_core.environment:checking '/home/liam/me696_tb3_ws/install/holmes_nav' for CMake config files
[1.163s] Level 1:colcon.colcon_core.environment:checking '/home/liam/me696_tb3_ws/install/holmes_nav/lib'
[1.163s] Level 1:colcon.colcon_core.environment:checking '/home/liam/me696_tb3_ws/install/holmes_nav/bin'
[1.163s] Level 1:colcon.colcon_core.environment:checking '/home/liam/me696_tb3_ws/install/holmes_nav/lib/pkgconfig/holmes_nav.pc'
[1.163s] Level 1:colcon.colcon_core.environment:checking '/home/liam/me696_tb3_ws/install/holmes_nav/lib/python3.8/site-packages'
[1.163s] Level 1:colcon.colcon_core.shell:create_environment_hook('holmes_nav', 'pythonpath')
[1.163s] INFO:colcon.colcon_core.shell:Creating environment hook '/home/liam/me696_tb3_ws/install/holmes_nav/share/holmes_nav/hook/pythonpath.ps1'
[1.164s] INFO:colcon.colcon_core.shell:Creating environment descriptor '/home/liam/me696_tb3_ws/install/holmes_nav/share/holmes_nav/hook/pythonpath.dsv'
[1.164s] DEBUG:colcon.colcon_core.event_handler.log_command:Invoked command in '/home/liam/me696_tb3_ws/src/holmes_nav' returned '0': PYTHONPATH=/home/liam/me696_tb3_ws/build/holmes_nav/prefix_override:/home/liam/me696_tb3_ws/install/holmes_nav/lib/python3.8/site-packages:${PYTHONPATH} /usr/bin/python3 setup.py egg_info --egg-base ../../build/holmes_nav build --build-base /home/liam/me696_tb3_ws/build/holmes_nav/build install --record /home/liam/me696_tb3_ws/build/holmes_nav/install.log --install-scripts $base/lib/holmes_nav --single-version-externally-managed
[1.165s] INFO:colcon.colcon_core.shell:Creating environment hook '/home/liam/me696_tb3_ws/install/holmes_nav/share/holmes_nav/hook/pythonpath.sh'
[1.165s] Level 1:colcon.colcon_core.environment:checking '/home/liam/me696_tb3_ws/install/holmes_nav/bin'
[1.165s] Level 1:colcon.colcon_core.environment:create_environment_scripts_only(holmes_nav)
[1.166s] INFO:colcon.colcon_core.shell:Creating package script '/home/liam/me696_tb3_ws/install/holmes_nav/share/holmes_nav/package.ps1'
[1.166s] INFO:colcon.colcon_core.shell:Creating package descriptor '/home/liam/me696_tb3_ws/install/holmes_nav/share/holmes_nav/package.dsv'
[1.166s] INFO:colcon.colcon_core.shell:Creating package script '/home/liam/me696_tb3_ws/install/holmes_nav/share/holmes_nav/package.sh'
[1.167s] INFO:colcon.colcon_core.shell:Creating package script '/home/liam/me696_tb3_ws/install/holmes_nav/share/holmes_nav/package.bash'
[1.167s] INFO:colcon.colcon_core.shell:Creating package script '/home/liam/me696_tb3_ws/install/holmes_nav/share/holmes_nav/package.zsh'
[1.167s] Level 1:colcon.colcon_core.environment:create_file_with_runtime_dependencies(/home/liam/me696_tb3_ws/install/holmes_nav/share/colcon-core/packages/holmes_nav)
[1.168s] INFO:colcon.colcon_ros.task.ament_python.build:Building ROS package in '/home/liam/me696_tb3_ws/src/turtlebot3_drlnav/src/turtlebot3_drl' with build type 'ament_python'
[1.168s] Level 1:colcon.colcon_core.shell:create_environment_hook('turtlebot3_drl', 'ament_prefix_path')
[1.169s] INFO:colcon.colcon_core.shell:Creating environment hook '/home/liam/me696_tb3_ws/install/turtlebot3_drl/share/turtlebot3_drl/hook/ament_prefix_path.ps1'
[1.169s] INFO:colcon.colcon_core.shell:Creating environment descriptor '/home/liam/me696_tb3_ws/install/turtlebot3_drl/share/turtlebot3_drl/hook/ament_prefix_path.dsv'
[1.169s] INFO:colcon.colcon_core.shell:Creating environment hook '/home/liam/me696_tb3_ws/install/turtlebot3_drl/share/turtlebot3_drl/hook/ament_prefix_path.sh'
[1.170s] INFO:colcon.colcon_core.shell:Skip shell extension 'powershell' for command environment: Not usable outside of PowerShell
[1.170s] DEBUG:colcon.colcon_core.shell:Skip shell extension 'dsv' for command environment
[1.299s] INFO:colcon.colcon_core.task.python.build:Building Python package in '/home/liam/me696_tb3_ws/src/turtlebot3_drlnav/src/turtlebot3_drl'
[1.301s] INFO:colcon.colcon_core.shell:Skip shell extension 'powershell' for command environment: Not usable outside of PowerShell
[1.301s] DEBUG:colcon.colcon_core.shell:Skip shell extension 'dsv' for command environment
[1.390s] DEBUG:colcon.colcon_core.event_handler.log_command:Invoking command in '/home/liam/me696_tb3_ws/src/sample_maps': PYTHONPATH=/home/liam/me696_tb3_ws/build/sample_maps/prefix_override:/home/liam/me696_tb3_ws/install/sample_maps/lib/python3.8/site-packages:${PYTHONPATH} /usr/bin/python3 setup.py egg_info --egg-base ../../build/sample_maps build --build-base /home/liam/me696_tb3_ws/build/sample_maps/build install --record /home/liam/me696_tb3_ws/build/sample_maps/install.log --install-scripts $base/lib/sample_maps --single-version-externally-managed
[1.522s] DEBUG:colcon.colcon_core.event_handler.log_command:Invoking command in '/home/liam/me696_tb3_ws/src/turtlebot3_drlnav/src/turtlebot3_drl': CMAKE_PREFIX_PATH=/home/liam/me696_tb3_ws/install/turtlebot3_msgs:/home/liam/me696_tb3_ws/install/turtlebot3_simulations:/home/liam/me696_tb3_ws/install/turtlebot3_fake_node:/home/liam/me696_tb3_ws/install/turtlebot3_gazebo PYTHONPATH=/home/liam/me696_tb3_ws/build/turtlebot3_drl/prefix_override:/home/liam/me696_tb3_ws/install/turtlebot3_drl/lib/python3.8/site-packages:/home/liam/me696_tb3_ws/install/turtlebot3_msgs/lib/python3.8/site-packages:/home/liam/me696_tb3_ws/install/turtlebot3_drl/lib/python3.8/site-packages:/home/liam/me696_tb3_ws/install/sample_maps/lib/python3.8/site-packages:/home/liam/me696_tb3_ws/install/holmes_nav/lib/python3.8/site-packages:/opt/ros/foxy/lib/python3.8/site-packages /usr/bin/python3 setup.py egg_info --egg-base ../../../../build/turtlebot3_drl build --build-base /home/liam/me696_tb3_ws/build/turtlebot3_drl/build install --record /home/liam/me696_tb3_ws/build/turtlebot3_drl/install.log --single-version-externally-managed
[1.541s] Level 1:colcon.colcon_core.environment:checking '/home/liam/me696_tb3_ws/install/sample_maps' for CMake module files
[1.541s] DEBUG:colcon.colcon_core.event_handler.log_command:Invoked command in '/home/liam/me696_tb3_ws/src/sample_maps' returned '0': PYTHONPATH=/home/liam/me696_tb3_ws/build/sample_maps/prefix_override:/home/liam/me696_tb3_ws/install/sample_maps/lib/python3.8/site-packages:${PYTHONPATH} /usr/bin/python3 setup.py egg_info --egg-base ../../build/sample_maps build --build-base /home/liam/me696_tb3_ws/build/sample_maps/build install --record /home/liam/me696_tb3_ws/build/sample_maps/install.log --install-scripts $base/lib/sample_maps --single-version-externally-managed
[1.541s] Level 1:colcon.colcon_core.environment:checking '/home/liam/me696_tb3_ws/install/sample_maps' for CMake config files
[1.542s] Level 1:colcon.colcon_core.environment:checking '/home/liam/me696_tb3_ws/install/sample_maps/lib'
[1.542s] Level 1:colcon.colcon_core.environment:checking '/home/liam/me696_tb3_ws/install/sample_maps/bin'
[1.542s] Level 1:colcon.colcon_core.environment:checking '/home/liam/me696_tb3_ws/install/sample_maps/lib/pkgconfig/sample_maps.pc'
[1.542s] Level 1:colcon.colcon_core.environment:checking '/home/liam/me696_tb3_ws/install/sample_maps/lib/python3.8/site-packages'
[1.542s] Level 1:colcon.colcon_core.shell:create_environment_hook('sample_maps', 'pythonpath')
[1.543s] INFO:colcon.colcon_core.shell:Creating environment hook '/home/liam/me696_tb3_ws/install/sample_maps/share/sample_maps/hook/pythonpath.ps1'
[1.543s] INFO:colcon.colcon_core.shell:Creating environment descriptor '/home/liam/me696_tb3_ws/install/sample_maps/share/sample_maps/hook/pythonpath.dsv'
[1.543s] INFO:colcon.colcon_core.shell:Creating environment hook '/home/liam/me696_tb3_ws/install/sample_maps/share/sample_maps/hook/pythonpath.sh'
[1.544s] Level 1:colcon.colcon_core.environment:checking '/home/liam/me696_tb3_ws/install/sample_maps/bin'
[1.544s] Level 1:colcon.colcon_core.environment:create_environment_scripts_only(sample_maps)
[1.545s] INFO:colcon.colcon_core.shell:Creating package script '/home/liam/me696_tb3_ws/install/sample_maps/share/sample_maps/package.ps1'
[1.545s] INFO:colcon.colcon_core.shell:Creating package descriptor '/home/liam/me696_tb3_ws/install/sample_maps/share/sample_maps/package.dsv'
[1.545s] INFO:colcon.colcon_core.shell:Creating package script '/home/liam/me696_tb3_ws/install/sample_maps/share/sample_maps/package.sh'
[1.545s] INFO:colcon.colcon_core.shell:Creating package script '/home/liam/me696_tb3_ws/install/sample_maps/share/sample_maps/package.bash'
[1.546s] INFO:colcon.colcon_core.shell:Creating package script '/home/liam/me696_tb3_ws/install/sample_maps/share/sample_maps/package.zsh'
[1.546s] Level 1:colcon.colcon_core.environment:create_file_with_runtime_dependencies(/home/liam/me696_tb3_ws/install/sample_maps/share/colcon-core/packages/sample_maps)
[1.546s] INFO:colcon.colcon_ros.task.ament_cmake.build:Building ROS package in '/home/liam/me696_tb3_ws/src/turtlebot3_drlnav/src/turtlebot3_simulations/turtlebot3_simulations' with build type 'ament_cmake'
[1.546s] INFO:colcon.colcon_cmake.task.cmake.build:Building CMake package in '/home/liam/me696_tb3_ws/src/turtlebot3_drlnav/src/turtlebot3_simulations/turtlebot3_simulations'
[1.547s] INFO:colcon.colcon_core.shell:Skip shell extension 'powershell' for command environment: Not usable outside of PowerShell
[1.547s] DEBUG:colcon.colcon_core.shell:Skip shell extension 'dsv' for command environment
[1.566s] DEBUG:colcon.colcon_core.event_handler.log_command:Invoking command in '/home/liam/me696_tb3_ws/build/turtlebot3_simulations': CMAKE_PREFIX_PATH=/home/liam/me696_tb3_ws/install/turtlebot3_fake_node:/home/liam/me696_tb3_ws/install/turtlebot3_msgs:/home/liam/me696_tb3_ws/install/turtlebot3_gazebo:/home/liam/me696_tb3_ws/install/turtlebot3_simulations:/home/liam/me696_tb3_ws/install/turtlebot3_drl:/home/liam/me696_tb3_ws/install/sample_maps:/home/liam/me696_tb3_ws/install/holmes_nav:/opt/ros/foxy PYTHONPATH=/home/liam/me696_tb3_ws/install/turtlebot3_msgs/lib/python3.8/site-packages:/home/liam/me696_tb3_ws/install/turtlebot3_drl/lib/python3.8/site-packages:/home/liam/me696_tb3_ws/install/sample_maps/lib/python3.8/site-packages:/home/liam/me696_tb3_ws/install/holmes_nav/lib/python3.8/site-packages:/opt/ros/foxy/lib/python3.8/site-packages /usr/bin/cmake --build /home/liam/me696_tb3_ws/build/turtlebot3_simulations -- -j2 -l2
[1.603s] DEBUG:colcon.colcon_core.event_handler.log_command:Invoked command in '/home/liam/me696_tb3_ws/build/turtlebot3_simulations' returned '0': CMAKE_PREFIX_PATH=/home/liam/me696_tb3_ws/install/turtlebot3_fake_node:/home/liam/me696_tb3_ws/install/turtlebot3_msgs:/home/liam/me696_tb3_ws/install/turtlebot3_gazebo:/home/liam/me696_tb3_ws/install/turtlebot3_simulations:/home/liam/me696_tb3_ws/install/turtlebot3_drl:/home/liam/me696_tb3_ws/install/sample_maps:/home/liam/me696_tb3_ws/install/holmes_nav:/opt/ros/foxy PYTHONPATH=/home/liam/me696_tb3_ws/install/turtlebot3_msgs/lib/python3.8/site-packages:/home/liam/me696_tb3_ws/install/turtlebot3_drl/lib/python3.8/site-packages:/home/liam/me696_tb3_ws/install/sample_maps/lib/python3.8/site-packages:/home/liam/me696_tb3_ws/install/holmes_nav/lib/python3.8/site-packages:/opt/ros/foxy/lib/python3.8/site-packages /usr/bin/cmake --build /home/liam/me696_tb3_ws/build/turtlebot3_simulations -- -j2 -l2
[1.622s] DEBUG:colcon.colcon_core.event_handler.log_command:Invoking command in '/home/liam/me696_tb3_ws/build/turtlebot3_simulations': CMAKE_PREFIX_PATH=/home/liam/me696_tb3_ws/install/turtlebot3_fake_node:/home/liam/me696_tb3_ws/install/turtlebot3_msgs:/home/liam/me696_tb3_ws/install/turtlebot3_gazebo:/home/liam/me696_tb3_ws/install/turtlebot3_simulations:/home/liam/me696_tb3_ws/install/turtlebot3_drl:/home/liam/me696_tb3_ws/install/sample_maps:/home/liam/me696_tb3_ws/install/holmes_nav:/opt/ros/foxy PYTHONPATH=/home/liam/me696_tb3_ws/install/turtlebot3_msgs/lib/python3.8/site-packages:/home/liam/me696_tb3_ws/install/turtlebot3_drl/lib/python3.8/site-packages:/home/liam/me696_tb3_ws/install/sample_maps/lib/python3.8/site-packages:/home/liam/me696_tb3_ws/install/holmes_nav/lib/python3.8/site-packages:/opt/ros/foxy/lib/python3.8/site-packages /usr/bin/cmake --install /home/liam/me696_tb3_ws/build/turtlebot3_simulations
[1.629s] Level 1:colcon.colcon_core.environment:create_environment_scripts_only(turtlebot3_simulations)
[1.629s] DEBUG:colcon.colcon_core.event_handler.log_command:Invoked command in '/home/liam/me696_tb3_ws/build/turtlebot3_simulations' returned '0': CMAKE_PREFIX_PATH=/home/liam/me696_tb3_ws/install/turtlebot3_fake_node:/home/liam/me696_tb3_ws/install/turtlebot3_msgs:/home/liam/me696_tb3_ws/install/turtlebot3_gazebo:/home/liam/me696_tb3_ws/install/turtlebot3_simulations:/home/liam/me696_tb3_ws/install/turtlebot3_drl:/home/liam/me696_tb3_ws/install/sample_maps:/home/liam/me696_tb3_ws/install/holmes_nav:/opt/ros/foxy PYTHONPATH=/home/liam/me696_tb3_ws/install/turtlebot3_msgs/lib/python3.8/site-packages:/home/liam/me696_tb3_ws/install/turtlebot3_drl/lib/python3.8/site-packages:/home/liam/me696_tb3_ws/install/sample_maps/lib/python3.8/site-packages:/home/liam/me696_tb3_ws/install/holmes_nav/lib/python3.8/site-packages:/opt/ros/foxy/lib/python3.8/site-packages /usr/bin/cmake --install /home/liam/me696_tb3_ws/build/turtlebot3_simulations
[1.631s] Level 1:colcon.colcon_core.environment:checking '/home/liam/me696_tb3_ws/install/turtlebot3_simulations' for CMake module files
[1.631s] Level 1:colcon.colcon_core.environment:checking '/home/liam/me696_tb3_ws/install/turtlebot3_simulations' for CMake config files
[1.631s] Level 1:colcon.colcon_core.shell:create_environment_hook('turtlebot3_simulations', 'cmake_prefix_path')
[1.632s] INFO:colcon.colcon_core.shell:Creating environment hook '/home/liam/me696_tb3_ws/install/turtlebot3_simulations/share/turtlebot3_simulations/hook/cmake_prefix_path.ps1'
[1.633s] INFO:colcon.colcon_core.shell:Creating environment descriptor '/home/liam/me696_tb3_ws/install/turtlebot3_simulations/share/turtlebot3_simulations/hook/cmake_prefix_path.dsv'
[1.633s] INFO:colcon.colcon_core.shell:Creating environment hook '/home/liam/me696_tb3_ws/install/turtlebot3_simulations/share/turtlebot3_simulations/hook/cmake_prefix_path.sh'
[1.633s] Level 1:colcon.colcon_core.environment:checking '/home/liam/me696_tb3_ws/install/turtlebot3_simulations/bin'
[1.633s] Level 1:colcon.colcon_core.environment:checking '/home/liam/me696_tb3_ws/install/turtlebot3_simulations/lib/pkgconfig/turtlebot3_simulations.pc'
[1.634s] Level 1:colcon.colcon_core.environment:checking '/home/liam/me696_tb3_ws/install/turtlebot3_simulations/lib/python3.8/site-packages'
[1.634s] Level 1:colcon.colcon_core.environment:checking '/home/liam/me696_tb3_ws/install/turtlebot3_simulations/bin'
[1.634s] INFO:colcon.colcon_core.shell:Creating package script '/home/liam/me696_tb3_ws/install/turtlebot3_simulations/share/turtlebot3_simulations/package.ps1'
[1.635s] INFO:colcon.colcon_core.shell:Creating package descriptor '/home/liam/me696_tb3_ws/install/turtlebot3_simulations/share/turtlebot3_simulations/package.dsv'
[1.635s] INFO:colcon.colcon_core.shell:Creating package script '/home/liam/me696_tb3_ws/install/turtlebot3_simulations/share/turtlebot3_simulations/package.sh'
[1.635s] INFO:colcon.colcon_core.shell:Creating package script '/home/liam/me696_tb3_ws/install/turtlebot3_simulations/share/turtlebot3_simulations/package.bash'
[1.635s] INFO:colcon.colcon_core.shell:Creating package script '/home/liam/me696_tb3_ws/install/turtlebot3_simulations/share/turtlebot3_simulations/package.zsh'
[1.636s] Level 1:colcon.colcon_core.environment:create_file_with_runtime_dependencies(/home/liam/me696_tb3_ws/install/turtlebot3_simulations/share/colcon-core/packages/turtlebot3_simulations)
[1.653s] Level 1:colcon.colcon_core.environment:create_environment_scripts_only(turtlebot3_simulations)
[1.654s] Level 1:colcon.colcon_core.environment:checking '/home/liam/me696_tb3_ws/install/turtlebot3_simulations' for CMake module files
[1.654s] Level 1:colcon.colcon_core.environment:checking '/home/liam/me696_tb3_ws/install/turtlebot3_simulations' for CMake config files
[1.654s] Level 1:colcon.colcon_core.shell:create_environment_hook('turtlebot3_simulations', 'cmake_prefix_path')
[1.655s] INFO:colcon.colcon_core.shell:Creating environment hook '/home/liam/me696_tb3_ws/install/turtlebot3_simulations/share/turtlebot3_simulations/hook/cmake_prefix_path.ps1'
[1.655s] INFO:colcon.colcon_core.shell:Creating environment descriptor '/home/liam/me696_tb3_ws/install/turtlebot3_simulations/share/turtlebot3_simulations/hook/cmake_prefix_path.dsv'
[1.655s] INFO:colcon.colcon_core.shell:Creating environment hook '/home/liam/me696_tb3_ws/install/turtlebot3_simulations/share/turtlebot3_simulations/hook/cmake_prefix_path.sh'
[1.656s] Level 1:colcon.colcon_core.environment:checking '/home/liam/me696_tb3_ws/install/turtlebot3_simulations/bin'
[1.656s] Level 1:colcon.colcon_core.environment:checking '/home/liam/me696_tb3_ws/install/turtlebot3_simulations/lib/pkgconfig/turtlebot3_simulations.pc'
[1.656s] Level 1:colcon.colcon_core.environment:checking '/home/liam/me696_tb3_ws/install/turtlebot3_simulations/lib/python3.8/site-packages'
[1.656s] Level 1:colcon.colcon_core.environment:checking '/home/liam/me696_tb3_ws/install/turtlebot3_simulations/bin'
[1.657s] INFO:colcon.colcon_core.shell:Creating package script '/home/liam/me696_tb3_ws/install/turtlebot3_simulations/share/turtlebot3_simulations/package.ps1'
[1.657s] INFO:colcon.colcon_core.shell:Creating package descriptor '/home/liam/me696_tb3_ws/install/turtlebot3_simulations/share/turtlebot3_simulations/package.dsv'
[1.657s] INFO:colcon.colcon_core.shell:Creating package script '/home/liam/me696_tb3_ws/install/turtlebot3_simulations/share/turtlebot3_simulations/package.sh'
[1.658s] INFO:colcon.colcon_core.shell:Creating package script '/home/liam/me696_tb3_ws/install/turtlebot3_simulations/share/turtlebot3_simulations/package.bash'
[1.658s] INFO:colcon.colcon_core.shell:Creating package script '/home/liam/me696_tb3_ws/install/turtlebot3_simulations/share/turtlebot3_simulations/package.zsh'
[1.658s] Level 1:colcon.colcon_core.environment:create_file_with_runtime_dependencies(/home/liam/me696_tb3_ws/install/turtlebot3_simulations/share/colcon-core/packages/turtlebot3_simulations)
[1.699s] Level 1:colcon.colcon_core.environment:checking '/home/liam/me696_tb3_ws/install/turtlebot3_drl' for CMake module files
[1.700s] DEBUG:colcon.colcon_core.event_handler.log_command:Invoked command in '/home/liam/me696_tb3_ws/src/turtlebot3_drlnav/src/turtlebot3_drl' returned '0': CMAKE_PREFIX_PATH=/home/liam/me696_tb3_ws/install/turtlebot3_msgs:/home/liam/me696_tb3_ws/install/turtlebot3_simulations:/home/liam/me696_tb3_ws/install/turtlebot3_fake_node:/home/liam/me696_tb3_ws/install/turtlebot3_gazebo PYTHONPATH=/home/liam/me696_tb3_ws/build/turtlebot3_drl/prefix_override:/home/liam/me696_tb3_ws/install/turtlebot3_drl/lib/python3.8/site-packages:/home/liam/me696_tb3_ws/install/turtlebot3_msgs/lib/python3.8/site-packages:/home/liam/me696_tb3_ws/install/turtlebot3_drl/lib/python3.8/site-packages:/home/liam/me696_tb3_ws/install/sample_maps/lib/python3.8/site-packages:/home/liam/me696_tb3_ws/install/holmes_nav/lib/python3.8/site-packages:/opt/ros/foxy/lib/python3.8/site-packages /usr/bin/python3 setup.py egg_info --egg-base ../../../../build/turtlebot3_drl build --build-base /home/liam/me696_tb3_ws/build/turtlebot3_drl/build install --record /home/liam/me696_tb3_ws/build/turtlebot3_drl/install.log --single-version-externally-managed
[1.700s] Level 1:colcon.colcon_core.environment:checking '/home/liam/me696_tb3_ws/install/turtlebot3_drl' for CMake config files
[1.700s] Level 1:colcon.colcon_core.environment:checking '/home/liam/me696_tb3_ws/install/turtlebot3_drl/lib'
[1.700s] Level 1:colcon.colcon_core.environment:checking '/home/liam/me696_tb3_ws/install/turtlebot3_drl/bin'
[1.700s] Level 1:colcon.colcon_core.environment:checking '/home/liam/me696_tb3_ws/install/turtlebot3_drl/lib/pkgconfig/turtlebot3_drl.pc'
[1.700s] Level 1:colcon.colcon_core.environment:checking '/home/liam/me696_tb3_ws/install/turtlebot3_drl/lib/python3.8/site-packages'
[1.700s] Level 1:colcon.colcon_core.shell:create_environment_hook('turtlebot3_drl', 'pythonpath')
[1.701s] INFO:colcon.colcon_core.shell:Creating environment hook '/home/liam/me696_tb3_ws/install/turtlebot3_drl/share/turtlebot3_drl/hook/pythonpath.ps1'
[1.702s] INFO:colcon.colcon_core.shell:Creating environment descriptor '/home/liam/me696_tb3_ws/install/turtlebot3_drl/share/turtlebot3_drl/hook/pythonpath.dsv'
[1.702s] INFO:colcon.colcon_core.shell:Creating environment hook '/home/liam/me696_tb3_ws/install/turtlebot3_drl/share/turtlebot3_drl/hook/pythonpath.sh'
[1.702s] Level 1:colcon.colcon_core.environment:checking '/home/liam/me696_tb3_ws/install/turtlebot3_drl/bin'
[1.702s] Level 1:colcon.colcon_core.environment:create_environment_scripts_only(turtlebot3_drl)
[1.703s] INFO:colcon.colcon_core.shell:Creating package script '/home/liam/me696_tb3_ws/install/turtlebot3_drl/share/turtlebot3_drl/package.ps1'
[1.703s] INFO:colcon.colcon_core.shell:Creating package descriptor '/home/liam/me696_tb3_ws/install/turtlebot3_drl/share/turtlebot3_drl/package.dsv'
[1.704s] INFO:colcon.colcon_core.shell:Creating package script '/home/liam/me696_tb3_ws/install/turtlebot3_drl/share/turtlebot3_drl/package.sh'
[1.704s] INFO:colcon.colcon_core.shell:Creating package script '/home/liam/me696_tb3_ws/install/turtlebot3_drl/share/turtlebot3_drl/package.bash'
[1.704s] INFO:colcon.colcon_core.shell:Creating package script '/home/liam/me696_tb3_ws/install/turtlebot3_drl/share/turtlebot3_drl/package.zsh'
[1.704s] Level 1:colcon.colcon_core.environment:create_file_with_runtime_dependencies(/home/liam/me696_tb3_ws/install/turtlebot3_drl/share/colcon-core/packages/turtlebot3_drl)
[1.705s] DEBUG:colcon.colcon_parallel_executor.executor.parallel:closing loop
[1.705s] DEBUG:colcon.colcon_parallel_executor.executor.parallel:loop closed
[1.705s] DEBUG:colcon.colcon_parallel_executor.executor.parallel:run_until_complete finished with '0'
[1.705s] DEBUG:colcon.colcon_core.event_reactor:joining thread
[1.710s] INFO:colcon.colcon_core.plugin_system:Skipping extension 'colcon_notification.desktop_notification.terminal_notifier': Not used on non-Darwin systems
[1.710s] INFO:colcon.colcon_core.plugin_system:Skipping extension 'colcon_notification.desktop_notification.win32': Not used on non-Windows systems
[1.710s] INFO:colcon.colcon_notification.desktop_notification:Sending desktop notification using 'notify2'
[1.721s] DEBUG:colcon.colcon_core.event_reactor:joined thread
[1.722s] INFO:colcon.colcon_core.shell:Creating prefix script '/home/liam/me696_tb3_ws/install/local_setup.ps1'
[1.722s] INFO:colcon.colcon_core.shell:Creating prefix util module '/home/liam/me696_tb3_ws/install/_local_setup_util_ps1.py'
[1.723s] INFO:colcon.colcon_core.shell:Creating prefix chain script '/home/liam/me696_tb3_ws/install/setup.ps1'
[1.726s] INFO:colcon.colcon_core.shell:Creating prefix script '/home/liam/me696_tb3_ws/install/local_setup.sh'
[1.730s] INFO:colcon.colcon_core.shell:Creating prefix util module '/home/liam/me696_tb3_ws/install/_local_setup_util_sh.py'
[1.730s] INFO:colcon.colcon_core.shell:Creating prefix chain script '/home/liam/me696_tb3_ws/install/setup.sh'
[1.731s] INFO:colcon.colcon_core.shell:Creating prefix script '/home/liam/me696_tb3_ws/install/local_setup.bash'
[1.731s] INFO:colcon.colcon_core.shell:Creating prefix chain script '/home/liam/me696_tb3_ws/install/setup.bash'
[1.732s] INFO:colcon.colcon_core.shell:Creating prefix script '/home/liam/me696_tb3_ws/install/local_setup.zsh'
[1.733s] INFO:colcon.colcon_core.shell:Creating prefix chain script '/home/liam/me696_tb3_ws/install/setup.zsh'
