[0.368s] Invoking command in '/home/liam/me696_tb3_ws/src/holmes_nav': PYTHONPATH=/home/liam/me696_tb3_ws/build/holmes_nav/prefix_override:/home/liam/me696_tb3_ws/install/holmes_nav/lib/python3.8/site-packages:${PYTHONPATH} /usr/bin/python3 setup.py egg_info --egg-base ../../build/holmes_nav build --build-base /home/liam/me696_tb3_ws/build/holmes_nav/build install --record /home/liam/me696_tb3_ws/build/holmes_nav/install.log --install-scripts $base/lib/holmes_nav --single-version-externally-managed
[0.502s] running egg_info
[0.503s] writing ../../build/holmes_nav/holmes_nav.egg-info/PKG-INFO
[0.503s] writing dependency_links to ../../build/holmes_nav/holmes_nav.egg-info/dependency_links.txt
[0.504s] writing entry points to ../../build/holmes_nav/holmes_nav.egg-info/entry_points.txt
[0.504s] writing requirements to ../../build/holmes_nav/holmes_nav.egg-info/requires.txt
[0.504s] writing top-level names to ../../build/holmes_nav/holmes_nav.egg-info/top_level.txt
[0.525s] reading manifest file '../../build/holmes_nav/holmes_nav.egg-info/SOURCES.txt'
[0.526s] writing manifest file '../../build/holmes_nav/holmes_nav.egg-info/SOURCES.txt'
[0.527s] running build
[0.527s] running build_py
[0.527s] running install
[0.529s] running install_lib
[0.529s] running install_data
[0.530s] running install_egg_info
[0.531s] removing '/home/liam/me696_tb3_ws/install/holmes_nav/lib/python3.8/site-packages/holmes_nav-0.0.0-py3.8.egg-info' (and everything under it)
[0.531s] Copying ../../build/holmes_nav/holmes_nav.egg-info to /home/liam/me696_tb3_ws/install/holmes_nav/lib/python3.8/site-packages/holmes_nav-0.0.0-py3.8.egg-info
[0.531s] running install_scripts
[0.542s] Installing hh2_node script to /home/liam/me696_tb3_ws/install/holmes_nav/lib/holmes_nav
[0.542s] writing list of installed files to '/home/liam/me696_tb3_ws/build/holmes_nav/install.log'
[0.565s] Invoked command in '/home/liam/me696_tb3_ws/src/holmes_nav' returned '0': PYTHONPATH=/home/liam/me696_tb3_ws/build/holmes_nav/prefix_override:/home/liam/me696_tb3_ws/install/holmes_nav/lib/python3.8/site-packages:${PYTHONPATH} /usr/bin/python3 setup.py egg_info --egg-base ../../build/holmes_nav build --build-base /home/liam/me696_tb3_ws/build/holmes_nav/build install --record /home/liam/me696_tb3_ws/build/holmes_nav/install.log --install-scripts $base/lib/holmes_nav --single-version-externally-managed
